<?xml version="1.0" encoding="UTF-8"?>
<coverage generated="1771492657153" clover="3.2.0">
  <project timestamp="1771492657153" name="All files">
    <metrics statements="302" coveredstatements="302" conditionals="183" coveredconditionals="183" methods="57" coveredmethods="57" elements="542" coveredelements="542" complexity="0" loc="302" ncloc="302" packages="2" files="10" classes="10"/>
    <package name="hooks">
      <metrics statements="68" coveredstatements="68" conditionals="23" coveredconditionals="23" methods="14" coveredmethods="14"/>
      <file name="useLayerVisibility.ts" path="/Users/higuchi/Documents/dev/map-style-studio/src/hooks/useLayerVisibility.ts">
        <metrics statements="11" coveredstatements="11" conditionals="6" coveredconditionals="6" methods="2" coveredmethods="2"/>
        <line num="1" count="1" type="stmt"/>
        <line num="8" count="1" type="stmt"/>
        <line num="9" count="6" type="stmt"/>
        <line num="12" count="6" type="stmt"/>
        <line num="13" count="4" type="cond" truecount="3" falsecount="0"/>
        <line num="14" count="3" type="cond" truecount="1" falsecount="0"/>
        <line num="16" count="2" type="stmt"/>
        <line num="17" count="2" type="cond" truecount="2" falsecount="0"/>
        <line num="18" count="2" type="stmt"/>
        <line num="19" count="2" type="stmt"/>
        <line num="22" count="6" type="stmt"/>
      </file>
      <file name="useMapInstance.ts" path="/Users/higuchi/Documents/dev/map-style-studio/src/hooks/useMapInstance.ts">
        <metrics statements="24" coveredstatements="24" conditionals="8" coveredconditionals="8" methods="4" coveredmethods="4"/>
        <line num="1" count="1" type="stmt"/>
        <line num="2" count="1" type="stmt"/>
        <line num="3" count="1" type="stmt"/>
        <line num="4" count="1" type="stmt"/>
        <line num="6" count="1" type="stmt"/>
        <line num="10" count="10" type="stmt"/>
        <line num="11" count="10" type="stmt"/>
        <line num="12" count="10" type="stmt"/>
        <line num="14" count="10" type="stmt"/>
        <line num="15" count="5" type="cond" truecount="3" falsecount="0"/>
        <line num="17" count="3" type="cond" truecount="2" falsecount="0"/>
        <line num="18" count="3" type="cond" truecount="2" falsecount="0"/>
        <line num="19" count="3" type="stmt"/>
        <line num="21" count="3" type="stmt"/>
        <line num="29" count="3" type="stmt"/>
        <line num="30" count="3" type="stmt"/>
        <line num="31" count="3" type="stmt"/>
        <line num="34" count="3" type="cond" truecount="1" falsecount="0"/>
        <line num="35" count="1" type="stmt"/>
        <line num="36" count="1" type="stmt"/>
        <line num="40" count="3" type="stmt"/>
        <line num="41" count="3" type="stmt"/>
        <line num="47" count="10" type="stmt"/>
        <line num="50" count="1" type="stmt"/>
      </file>
      <file name="useMapPopup.ts" path="/Users/higuchi/Documents/dev/map-style-studio/src/hooks/useMapPopup.ts">
        <metrics statements="16" coveredstatements="16" conditionals="7" coveredconditionals="7" methods="5" coveredmethods="5"/>
        <line num="1" count="1" type="stmt"/>
        <line num="11" count="1" type="stmt"/>
        <line num="12" count="12" type="stmt"/>
        <line num="14" count="12" type="stmt"/>
        <line num="15" count="4" type="stmt"/>
        <line num="16" count="4" type="stmt"/>
        <line num="18" count="4" type="cond" truecount="4" falsecount="0"/>
        <line num="19" count="3" type="stmt"/>
        <line num="22" count="3" type="stmt"/>
        <line num="28" count="1" type="stmt"/>
        <line num="32" count="12" type="stmt"/>
        <line num="33" count="7" type="cond" truecount="1" falsecount="0"/>
        <line num="35" count="6" type="stmt"/>
        <line num="37" count="6" type="stmt"/>
        <line num="38" count="6" type="stmt"/>
        <line num="43" count="12" type="stmt"/>
      </file>
      <file name="useSourceLayers.ts" path="/Users/higuchi/Documents/dev/map-style-studio/src/hooks/useSourceLayers.ts">
        <metrics statements="17" coveredstatements="17" conditionals="2" coveredconditionals="2" methods="3" coveredmethods="3"/>
        <line num="1" count="1" type="stmt"/>
        <line num="3" count="1" type="stmt"/>
        <line num="4" count="10" type="stmt"/>
        <line num="5" count="10" type="stmt"/>
        <line num="6" count="10" type="stmt"/>
        <line num="8" count="10" type="stmt"/>
        <line num="9" count="4" type="stmt"/>
        <line num="10" count="4" type="stmt"/>
        <line num="11" count="4" type="stmt"/>
        <line num="12" count="4" type="stmt"/>
        <line num="13" count="3" type="stmt"/>
        <line num="14" count="3" type="cond" truecount="2" falsecount="0"/>
        <line num="16" count="3" type="stmt"/>
        <line num="18" count="1" type="stmt"/>
        <line num="21" count="1" type="stmt"/>
        <line num="23" count="4" type="stmt"/>
        <line num="26" count="10" type="stmt"/>
      </file>
    </package>
    <package name="utils">
      <metrics statements="234" coveredstatements="234" conditionals="160" coveredconditionals="160" methods="43" coveredmethods="43"/>
      <file name="colorHelpers.ts" path="/Users/higuchi/Documents/dev/map-style-studio/src/utils/colorHelpers.ts">
        <metrics statements="101" coveredstatements="101" conditionals="66" coveredconditionals="66" methods="16" coveredmethods="16"/>
        <line num="7" count="10" type="stmt"/>
        <line num="8" count="91" type="stmt"/>
        <line num="9" count="91" type="cond" truecount="1" falsecount="0"/>
        <line num="10" count="81" type="stmt"/>
        <line num="18" count="10" type="stmt"/>
        <line num="19" count="83" type="stmt"/>
        <line num="20" count="83" type="stmt"/>
        <line num="21" count="83" type="stmt"/>
        <line num="22" count="83" type="stmt"/>
        <line num="23" count="83" type="stmt"/>
        <line num="24" count="83" type="cond" truecount="2" falsecount="0"/>
        <line num="25" count="83" type="cond" truecount="2" falsecount="0"/>
        <line num="26" count="27" type="stmt"/>
        <line num="28" count="56" type="cond" truecount="3" falsecount="0"/>
        <line num="29" count="31" type="cond" truecount="2" falsecount="0"/>
        <line num="30" count="15" type="stmt"/>
        <line num="31" count="10" type="stmt"/>
        <line num="33" count="56" type="stmt"/>
        <line num="35" count="83" type="stmt"/>
        <line num="39" count="10" type="stmt"/>
        <line num="40" count="29" type="stmt"/>
        <line num="41" count="29" type="cond" truecount="1" falsecount="0"/>
        <line num="42" count="6" type="stmt"/>
        <line num="43" count="6" type="stmt"/>
        <line num="44" count="6" type="stmt"/>
        <line num="45" count="6" type="cond" truecount="2" falsecount="0"/>
        <line num="46" count="6" type="stmt"/>
        <line num="49" count="24" type="stmt"/>
        <line num="56" count="10" type="stmt"/>
        <line num="57" count="17" type="cond" truecount="4" falsecount="0"/>
        <line num="59" count="2" type="stmt"/>
        <line num="61" count="15" type="stmt"/>
        <line num="62" count="15" type="cond" truecount="1" falsecount="0"/>
        <line num="63" count="15" type="stmt"/>
        <line num="64" count="15" type="stmt"/>
        <line num="65" count="15" type="stmt"/>
        <line num="66" count="15" type="stmt"/>
        <line num="67" count="15" type="stmt"/>
        <line num="68" count="15" type="stmt"/>
        <line num="69" count="15" type="cond" truecount="1" falsecount="0"/>
        <line num="70" count="14" type="stmt"/>
        <line num="71" count="14" type="cond" truecount="2" falsecount="0"/>
        <line num="72" count="14" type="cond" truecount="3" falsecount="0"/>
        <line num="73" count="10" type="cond" truecount="2" falsecount="0"/>
        <line num="74" count="2" type="stmt"/>
        <line num="75" count="2" type="stmt"/>
        <line num="77" count="14" type="stmt"/>
        <line num="79" count="15" type="stmt"/>
        <line num="82" count="10" type="stmt"/>
        <line num="83" count="17" type="stmt"/>
        <line num="85" count="17" type="cond" truecount="2" falsecount="0"/>
        <line num="86" count="3" type="stmt"/>
        <line num="88" count="14" type="stmt"/>
        <line num="89" count="42" type="cond" truecount="1" falsecount="0"/>
        <line num="90" count="42" type="cond" truecount="1" falsecount="0"/>
        <line num="91" count="42" type="cond" truecount="1" falsecount="0"/>
        <line num="92" count="32" type="cond" truecount="1" falsecount="0"/>
        <line num="93" count="18" type="cond" truecount="1" falsecount="0"/>
        <line num="94" count="16" type="stmt"/>
        <line num="96" count="14" type="cond" truecount="2" falsecount="0"/>
        <line num="97" count="14" type="stmt"/>
        <line num="98" count="14" type="stmt"/>
        <line num="99" count="14" type="stmt"/>
        <line num="100" count="14" type="stmt"/>
        <line num="102" count="17" type="stmt"/>
        <line num="105" count="51" type="stmt"/>
        <line num="116" count="10" type="stmt"/>
        <line num="117" count="12" type="stmt"/>
        <line num="118" count="12" type="cond" truecount="1" falsecount="0"/>
        <line num="119" count="11" type="stmt"/>
        <line num="120" count="11" type="cond" truecount="4" falsecount="0"/>
        <line num="124" count="10" type="stmt"/>
        <line num="125" count="12" type="stmt"/>
        <line num="126" count="12" type="cond" truecount="1" falsecount="0"/>
        <line num="127" count="11" type="stmt"/>
        <line num="128" count="11" type="cond" truecount="6" falsecount="0"/>
        <line num="132" count="10" type="stmt"/>
        <line num="133" count="12" type="stmt"/>
        <line num="134" count="12" type="cond" truecount="1" falsecount="0"/>
        <line num="135" count="11" type="stmt"/>
        <line num="136" count="11" type="cond" truecount="4" falsecount="0"/>
        <line num="140" count="10" type="stmt"/>
        <line num="141" count="11" type="stmt"/>
        <line num="142" count="11" type="cond" truecount="1" falsecount="0"/>
        <line num="143" count="10" type="stmt"/>
        <line num="144" count="10" type="cond" truecount="4" falsecount="0"/>
        <line num="148" count="10" type="stmt"/>
        <line num="149" count="12" type="stmt"/>
        <line num="150" count="12" type="cond" truecount="1" falsecount="0"/>
        <line num="151" count="11" type="stmt"/>
        <line num="153" count="11" type="cond" truecount="4" falsecount="0"/>
        <line num="157" count="10" type="stmt"/>
        <line num="158" count="11" type="stmt"/>
        <line num="159" count="11" type="cond" truecount="1" falsecount="0"/>
        <line num="160" count="10" type="stmt"/>
        <line num="161" count="10" type="stmt"/>
        <line num="165" count="10" type="stmt"/>
        <line num="166" count="11" type="stmt"/>
        <line num="167" count="11" type="cond" truecount="1" falsecount="0"/>
        <line num="168" count="10" type="stmt"/>
        <line num="169" count="10" type="cond" truecount="2" falsecount="0"/>
      </file>
      <file name="generateCategoryColorStyle.ts" path="/Users/higuchi/Documents/dev/map-style-studio/src/utils/generateCategoryColorStyle.ts">
        <metrics statements="23" coveredstatements="23" conditionals="31" coveredconditionals="31" methods="3" coveredmethods="3"/>
        <line num="14" count="1" type="stmt"/>
        <line num="19" count="4" type="stmt"/>
        <line num="20" count="65" type="cond" truecount="2" falsecount="0"/>
        <line num="21" count="65" type="cond" truecount="2" falsecount="0"/>
        <line num="24" count="4" type="stmt"/>
        <line num="25" count="13" type="stmt"/>
        <line num="28" count="13" type="cond" truecount="1" falsecount="0"/>
        <line num="34" count="3" type="stmt"/>
        <line num="38" count="3" type="stmt"/>
        <line num="42" count="13" type="cond" truecount="1" falsecount="0"/>
        <line num="48" count="2" type="stmt"/>
        <line num="52" count="2" type="stmt"/>
        <line num="56" count="13" type="cond" truecount="1" falsecount="0"/>
        <line num="62" count="2" type="stmt"/>
        <line num="66" count="2" type="stmt"/>
        <line num="70" count="13" type="cond" truecount="1" falsecount="0"/>
        <line num="76" count="3" type="stmt"/>
        <line num="80" count="3" type="stmt"/>
        <line num="84" count="13" type="cond" truecount="1" falsecount="0"/>
        <line num="90" count="2" type="stmt"/>
        <line num="94" count="2" type="stmt"/>
        <line num="97" count="13" type="stmt"/>
        <line num="100" count="4" type="stmt"/>
      </file>
      <file name="generateStyleFromTheme.ts" path="/Users/higuchi/Documents/dev/map-style-studio/src/utils/generateStyleFromTheme.ts">
        <metrics statements="63" coveredstatements="63" conditionals="38" coveredconditionals="38" methods="12" coveredmethods="12"/>
        <line num="2" count="5" type="stmt"/>
        <line num="11" count="5" type="stmt"/>
        <line num="12" count="45" type="stmt"/>
        <line num="13" count="45" type="cond" truecount="3" falsecount="0"/>
        <line num="14" count="37" type="cond" truecount="4" falsecount="0"/>
        <line num="15" count="22" type="cond" truecount="4" falsecount="0"/>
        <line num="16" count="13" type="stmt"/>
        <line num="20" count="5" type="stmt"/>
        <line num="21" count="43" type="cond" truecount="1" falsecount="0"/>
        <line num="22" count="36" type="cond" truecount="3" falsecount="0"/>
        <line num="23" count="22" type="cond" truecount="4" falsecount="0"/>
        <line num="24" count="13" type="stmt"/>
        <line num="28" count="5" type="stmt"/>
        <line num="29" count="32" type="cond" truecount="1" falsecount="0"/>
        <line num="30" count="30" type="cond" truecount="1" falsecount="0"/>
        <line num="31" count="27" type="stmt"/>
        <line num="33" count="27" type="cond" truecount="1" falsecount="0"/>
        <line num="34" count="3" type="stmt"/>
        <line num="37" count="27" type="cond" truecount="1" falsecount="0"/>
        <line num="42" count="25" type="stmt"/>
        <line num="50" count="5" type="stmt"/>
        <line num="55" count="5" type="stmt"/>
        <line num="56" count="23" type="stmt"/>
        <line num="57" count="23" type="cond" truecount="1" falsecount="0"/>
        <line num="58" count="23" type="stmt"/>
        <line num="59" count="23" type="stmt"/>
        <line num="60" count="23" type="stmt"/>
        <line num="62" count="69" type="cond" truecount="2" falsecount="0"/>
        <line num="63" count="23" type="stmt"/>
        <line num="64" count="23" type="stmt"/>
        <line num="65" count="23" type="stmt"/>
        <line num="67" count="23" type="stmt"/>
        <line num="71" count="5" type="stmt"/>
        <line num="72" count="36" type="stmt"/>
        <line num="73" count="12" type="cond" truecount="1" falsecount="0"/>
        <line num="74" count="10" type="stmt"/>
        <line num="75" count="10" type="stmt"/>
        <line num="76" count="10" type="stmt"/>
        <line num="77" count="15" type="stmt"/>
        <line num="78" count="15" type="cond" truecount="1" falsecount="0"/>
        <line num="79" count="13" type="stmt"/>
        <line num="80" count="13" type="stmt"/>
        <line num="83" count="10" type="stmt"/>
        <line num="87" count="5" type="stmt"/>
        <line num="88" count="11" type="stmt"/>
        <line num="89" count="11" type="stmt"/>
        <line num="90" count="11" type="stmt"/>
        <line num="93" count="5" type="stmt"/>
        <line num="94" count="6" type="stmt"/>
        <line num="97" count="6" type="stmt"/>
        <line num="98" count="6" type="stmt"/>
        <line num="100" count="6" type="stmt"/>
        <line num="101" count="36" type="stmt"/>
        <line num="102" count="36" type="stmt"/>
        <line num="104" count="36" type="stmt"/>
        <line num="106" count="36" type="cond" truecount="2" falsecount="0"/>
        <line num="107" count="6" type="stmt"/>
        <line num="109" count="30" type="stmt"/>
        <line num="110" count="90" type="cond" truecount="3" falsecount="0"/>
        <line num="111" count="18" type="stmt"/>
        <line num="116" count="36" type="cond" truecount="2" falsecount="0"/>
        <line num="117" count="36" type="stmt"/>
        <line num="120" count="6" type="stmt"/>
      </file>
      <file name="layerControl.ts" path="/Users/higuchi/Documents/dev/map-style-studio/src/utils/layerControl.ts">
        <metrics statements="7" coveredstatements="7" conditionals="2" coveredconditionals="2" methods="2" coveredmethods="2"/>
        <line num="3" count="1" type="stmt"/>
        <line num="4" count="4" type="stmt"/>
        <line num="11" count="4" type="stmt"/>
        <line num="12" count="10" type="cond" truecount="2" falsecount="0"/>
        <line num="13" count="7" type="stmt"/>
        <line num="15" count="3" type="stmt"/>
        <line num="18" count="4" type="stmt"/>
      </file>
      <file name="renderColorfulJson.tsx" path="/Users/higuchi/Documents/dev/map-style-studio/src/utils/renderColorfulJson.tsx">
        <metrics statements="17" coveredstatements="17" conditionals="2" coveredconditionals="2" methods="2" coveredmethods="2"/>
        <line num="1" count="1" type="stmt"/>
        <line num="3" count="1" type="stmt"/>
        <line num="4" count="7" type="stmt"/>
        <line num="5" count="7" type="stmt"/>
        <line num="6" count="7" type="stmt"/>
        <line num="7" count="7" type="stmt"/>
        <line num="9" count="7" type="stmt"/>
        <line num="11" count="7" type="stmt"/>
        <line num="12" count="5" type="stmt"/>
        <line num="13" count="5" type="cond" truecount="1" falsecount="0"/>
        <line num="14" count="5" type="stmt"/>
        <line num="16" count="5" type="stmt"/>
        <line num="34" count="5" type="stmt"/>
        <line num="35" count="5" type="stmt"/>
        <line num="37" count="7" type="cond" truecount="1" falsecount="0"/>
        <line num="38" count="6" type="stmt"/>
        <line num="40" count="7" type="stmt"/>
      </file>
      <file name="searchHelpers.ts" path="/Users/higuchi/Documents/dev/map-style-studio/src/utils/searchHelpers.ts">
        <metrics statements="23" coveredstatements="23" conditionals="21" coveredconditionals="21" methods="8" coveredmethods="8"/>
        <line num="2" count="1" type="stmt"/>
        <line num="4" count="1" type="stmt"/>
        <line num="5" count="41" type="stmt"/>
        <line num="7" count="41" type="cond" truecount="1" falsecount="0"/>
        <line num="9" count="38" type="cond" truecount="2" falsecount="0"/>
        <line num="10" count="38" type="cond" truecount="4" falsecount="0"/>
        <line num="11" count="38" type="cond" truecount="2" falsecount="0"/>
        <line num="14" count="38" type="cond" truecount="2" falsecount="0"/>
        <line num="16" count="38" type="cond" truecount="1" falsecount="0"/>
        <line num="17" count="5" type="stmt"/>
        <line num="19" count="33" type="cond" truecount="1" falsecount="0"/>
        <line num="20" count="4" type="stmt"/>
        <line num="22" count="29" type="cond" truecount="1" falsecount="0"/>
        <line num="23" count="5" type="stmt"/>
        <line num="25" count="24" type="cond" truecount="1" falsecount="0"/>
        <line num="26" count="4" type="stmt"/>
        <line num="28" count="20" type="cond" truecount="1" falsecount="0"/>
        <line num="29" count="5" type="stmt"/>
        <line num="31" count="15" type="cond" truecount="1" falsecount="0"/>
        <line num="32" count="4" type="stmt"/>
        <line num="34" count="11" type="cond" truecount="1" falsecount="0"/>
        <line num="35" count="4" type="stmt"/>
        <line num="38" count="7" type="stmt"/>
      </file>
    </package>
  </project>
</coverage>
