{"/Users/higuchi/Documents/dev/map-style-studio/src/hooks/useLayerVisibility.ts": {"path":"/Users/higuchi/Documents/dev/map-style-studio/src/hooks/useLayerVisibility.ts","statementMap":{"0":{"start":{"line":8,"column":0},"end":{"line":8,"column":16}},"1":{"start":{"line":1,"column":0},"end":{"line":1,"column":46}},"2":{"start":{"line":9,"column":36},"end":{"line":9,"column":59}},"3":{"start":{"line":12,"column":27},"end":{"line":20,"column":20}},"4":{"start":{"line":13,"column":4},"end":{"line":13,"column":37}},"5":{"start":{"line":13,"column":28},"end":{"line":13,"column":35}},"6":{"start":{"line":14,"column":4},"end":{"line":14,"column":43}},"7":{"start":{"line":14,"column":34},"end":{"line":14,"column":41}},"8":{"start":{"line":16,"column":20},"end":{"line":16,"column":64}},"9":{"start":{"line":17,"column":17},"end":{"line":17,"column":56}},"10":{"start":{"line":18,"column":4},"end":{"line":18,"column":55}},"11":{"start":{"line":19,"column":4},"end":{"line":19,"column":37}},"12":{"start":{"line":22,"column":2},"end":{"line":22,"column":41}}},"fnMap":{"0":{"name":"useLayerVisibility","decl":{"start":{"line":8,"column":16},"end":{"line":8,"column":34}},"loc":{"start":{"line":8,"column":78},"end":{"line":23,"column":1}}},"1":{"name":"(anonymous_1)","decl":{"start":{"line":12,"column":39},"end":{"line":12,"column":42}},"loc":{"start":{"line":12,"column":44},"end":{"line":20,"column":3}}}},"branchMap":{"0":{"loc":{"start":{"line":13,"column":4},"end":{"line":13,"column":37}},"type":"if","locations":[{"start":{"line":13,"column":4},"end":{"line":13,"column":37}}]},"1":{"loc":{"start":{"line":13,"column":8},"end":{"line":13,"column":24}},"type":"binary-expr","locations":[{"start":{"line":13,"column":8},"end":{"line":13,"column":12}},{"start":{"line":13,"column":16},"end":{"line":13,"column":24}}]},"2":{"loc":{"start":{"line":14,"column":4},"end":{"line":14,"column":43}},"type":"if","locations":[{"start":{"line":14,"column":4},"end":{"line":14,"column":43}}]},"3":{"loc":{"start":{"line":17,"column":17},"end":{"line":17,"column":56}},"type":"cond-expr","locations":[{"start":{"line":17,"column":38},"end":{"line":17,"column":47}},{"start":{"line":17,"column":50},"end":{"line":17,"column":56}}]}},"s":{"0":1,"1":1,"2":6,"3":6,"4":4,"5":1,"6":3,"7":1,"8":2,"9":2,"10":2,"11":2,"12":6},"f":{"0":6,"1":4},"b":{"0":[1],"1":[4,3],"2":[1],"3":[1,1]}}
,"/Users/higuchi/Documents/dev/map-style-studio/src/hooks/useMapInstance.ts": {"path":"/Users/higuchi/Documents/dev/map-style-studio/src/hooks/useMapInstance.ts","statementMap":{"0":{"start":{"line":6,"column":0},"end":{"line":6,"column":16}},"1":{"start":{"line":1,"column":0},"end":{"line":1,"column":42}},"2":{"start":{"line":2,"column":0},"end":{"line":2,"column":66}},"3":{"start":{"line":3,"column":0},"end":{"line":3,"column":32}},"4":{"start":{"line":4,"column":0},"end":{"line":4,"column":45}},"5":{"start":{"line":10,"column":24},"end":{"line":10,"column":40}},"6":{"start":{"line":11,"column":23},"end":{"line":11,"column":41}},"7":{"start":{"line":12,"column":23},"end":{"line":12,"column":81}},"8":{"start":{"line":14,"column":2},"end":{"line":45,"column":46}},"9":{"start":{"line":15,"column":4},"end":{"line":15,"column":52}},"10":{"start":{"line":15,"column":43},"end":{"line":15,"column":50}},"11":{"start":{"line":17,"column":19},"end":{"line":17,"column":76}},"12":{"start":{"line":18,"column":17},"end":{"line":18,"column":37}},"13":{"start":{"line":19,"column":4},"end":{"line":19,"column":23}},"14":{"start":{"line":21,"column":19},"end":{"line":27,"column":6}},"15":{"start":{"line":29,"column":4},"end":{"line":38,"column":7}},"16":{"start":{"line":30,"column":6},"end":{"line":30,"column":35}},"17":{"start":{"line":31,"column":6},"end":{"line":31,"column":21}},"18":{"start":{"line":34,"column":6},"end":{"line":37,"column":7}},"19":{"start":{"line":35,"column":25},"end":{"line":35,"column":42}},"20":{"start":{"line":36,"column":8},"end":{"line":36,"column":27}},"21":{"start":{"line":40,"column":4},"end":{"line":42,"column":6}},"22":{"start":{"line":41,"column":6},"end":{"line":41,"column":22}},"23":{"start":{"line":47,"column":2},"end":{"line":47,"column":13}},"24":{"start":{"line":50,"column":0},"end":{"line":50,"column":30}}},"fnMap":{"0":{"name":"useMapInstance","decl":{"start":{"line":6,"column":16},"end":{"line":6,"column":30}},"loc":{"start":{"line":8,"column":37},"end":{"line":48,"column":1}}},"1":{"name":"(anonymous_2)","decl":{"start":{"line":14,"column":12},"end":{"line":14,"column":15}},"loc":{"start":{"line":14,"column":17},"end":{"line":45,"column":3}}},"2":{"name":"(anonymous_3)","decl":{"start":{"line":29,"column":24},"end":{"line":29,"column":27}},"loc":{"start":{"line":29,"column":29},"end":{"line":38,"column":5}}},"3":{"name":"(anonymous_4)","decl":{"start":{"line":40,"column":11},"end":{"line":40,"column":14}},"loc":{"start":{"line":40,"column":16},"end":{"line":42,"column":5}}}},"branchMap":{"0":{"loc":{"start":{"line":15,"column":4},"end":{"line":15,"column":52}},"type":"if","locations":[{"start":{"line":15,"column":4},"end":{"line":15,"column":52}}]},"1":{"loc":{"start":{"line":15,"column":8},"end":{"line":15,"column":39}},"type":"binary-expr","locations":[{"start":{"line":15,"column":8},"end":{"line":15,"column":29}},{"start":{"line":15,"column":33},"end":{"line":15,"column":39}}]},"2":{"loc":{"start":{"line":17,"column":19},"end":{"line":17,"column":76}},"type":"binary-expr","locations":[{"start":{"line":17,"column":19},"end":{"line":17,"column":35}},{"start":{"line":17,"column":39},"end":{"line":17,"column":76}}]},"3":{"loc":{"start":{"line":18,"column":17},"end":{"line":18,"column":37}},"type":"binary-expr","locations":[{"start":{"line":18,"column":17},"end":{"line":18,"column":31}},{"start":{"line":18,"column":35},"end":{"line":18,"column":37}}]},"4":{"loc":{"start":{"line":34,"column":6},"end":{"line":37,"column":7}},"type":"if","locations":[{"start":{"line":34,"column":6},"end":{"line":37,"column":7}}]}},"s":{"0":1,"1":1,"2":1,"3":1,"4":1,"5":10,"6":10,"7":10,"8":10,"9":5,"10":2,"11":3,"12":3,"13":3,"14":3,"15":3,"16":3,"17":3,"18":3,"19":1,"20":1,"21":3,"22":3,"23":10,"24":1},"f":{"0":10,"1":5,"2":3,"3":3},"b":{"0":[2],"1":[5,4],"2":[3,1],"3":[3,1],"4":[1]}}
,"/Users/higuchi/Documents/dev/map-style-studio/src/hooks/useMapPopup.ts": {"path":"/Users/higuchi/Documents/dev/map-style-studio/src/hooks/useMapPopup.ts","statementMap":{"0":{"start":{"line":11,"column":0},"end":{"line":11,"column":16}},"1":{"start":{"line":1,"column":0},"end":{"line":1,"column":57}},"2":{"start":{"line":12,"column":36},"end":{"line":12,"column":71}},"3":{"start":{"line":14,"column":22},"end":{"line":30,"column":11}},"4":{"start":{"line":15,"column":21},"end":{"line":15,"column":56}},"5":{"start":{"line":16,"column":4},"end":{"line":16,"column":47}},"6":{"start":{"line":18,"column":4},"end":{"line":29,"column":5}},"7":{"start":{"line":19,"column":6},"end":{"line":26,"column":9}},"8":{"start":{"line":22,"column":39},"end":{"line":25,"column":10}},"9":{"start":{"line":28,"column":6},"end":{"line":28,"column":25}},"10":{"start":{"line":32,"column":2},"end":{"line":41,"column":25}},"11":{"start":{"line":33,"column":4},"end":{"line":33,"column":25}},"12":{"start":{"line":33,"column":16},"end":{"line":33,"column":23}},"13":{"start":{"line":35,"column":4},"end":{"line":35,"column":33}},"14":{"start":{"line":37,"column":4},"end":{"line":39,"column":6}},"15":{"start":{"line":38,"column":6},"end":{"line":38,"column":36}},"16":{"start":{"line":43,"column":2},"end":{"line":43,"column":37}}},"fnMap":{"0":{"name":"useMapPopup","decl":{"start":{"line":11,"column":16},"end":{"line":11,"column":27}},"loc":{"start":{"line":11,"column":51},"end":{"line":44,"column":1}}},"1":{"name":"(anonymous_1)","decl":{"start":{"line":14,"column":34},"end":{"line":14,"column":35}},"loc":{"start":{"line":14,"column":55},"end":{"line":30,"column":3}}},"2":{"name":"(anonymous_2)","decl":{"start":{"line":22,"column":33},"end":{"line":22,"column":34}},"loc":{"start":{"line":22,"column":39},"end":{"line":25,"column":10}}},"3":{"name":"(anonymous_3)","decl":{"start":{"line":32,"column":12},"end":{"line":32,"column":15}},"loc":{"start":{"line":32,"column":17},"end":{"line":41,"column":3}}},"4":{"name":"(anonymous_4)","decl":{"start":{"line":37,"column":11},"end":{"line":37,"column":14}},"loc":{"start":{"line":37,"column":16},"end":{"line":39,"column":5}}}},"branchMap":{"0":{"loc":{"start":{"line":18,"column":4},"end":{"line":29,"column":5}},"type":"if","locations":[{"start":{"line":18,"column":4},"end":{"line":29,"column":5}},{"start":{"line":27,"column":11},"end":{"line":29,"column":5}}]},"1":{"loc":{"start":{"line":18,"column":8},"end":{"line":18,"column":39}},"type":"binary-expr","locations":[{"start":{"line":18,"column":8},"end":{"line":18,"column":16}},{"start":{"line":18,"column":20},"end":{"line":18,"column":39}}]},"2":{"loc":{"start":{"line":24,"column":22},"end":{"line":24,"column":40}},"type":"binary-expr","locations":[{"start":{"line":24,"column":22},"end":{"line":24,"column":34}},{"start":{"line":24,"column":38},"end":{"line":24,"column":40}}]},"3":{"loc":{"start":{"line":33,"column":4},"end":{"line":33,"column":25}},"type":"if","locations":[{"start":{"line":33,"column":4},"end":{"line":33,"column":25}}]}},"s":{"0":1,"1":1,"2":12,"3":12,"4":4,"5":4,"6":4,"7":3,"8":3,"9":1,"10":12,"11":7,"12":1,"13":6,"14":6,"15":6,"16":12},"f":{"0":12,"1":4,"2":3,"3":7,"4":6},"b":{"0":[3,1],"1":[4,4],"2":[3,1],"3":[1]}}
,"/Users/higuchi/Documents/dev/map-style-studio/src/hooks/useSourceLayers.ts": {"path":"/Users/higuchi/Documents/dev/map-style-studio/src/hooks/useSourceLayers.ts","statementMap":{"0":{"start":{"line":3,"column":0},"end":{"line":3,"column":16}},"1":{"start":{"line":1,"column":0},"end":{"line":1,"column":33}},"2":{"start":{"line":4,"column":32},"end":{"line":4,"column":47}},"3":{"start":{"line":5,"column":30},"end":{"line":5,"column":52}},"4":{"start":{"line":6,"column":28},"end":{"line":6,"column":57}},"5":{"start":{"line":8,"column":22},"end":{"line":24,"column":3}},"6":{"start":{"line":9,"column":4},"end":{"line":9,"column":21}},"7":{"start":{"line":10,"column":4},"end":{"line":10,"column":19}},"8":{"start":{"line":11,"column":4},"end":{"line":22,"column":5}},"9":{"start":{"line":12,"column":18},"end":{"line":12,"column":34}},"10":{"start":{"line":13,"column":19},"end":{"line":13,"column":35}},"11":{"start":{"line":14,"column":6},"end":{"line":19,"column":7}},"12":{"start":{"line":16,"column":8},"end":{"line":16,"column":60}},"13":{"start":{"line":16,"column":53},"end":{"line":16,"column":57}},"14":{"start":{"line":18,"column":8},"end":{"line":18,"column":42}},"15":{"start":{"line":21,"column":6},"end":{"line":21,"column":33}},"16":{"start":{"line":23,"column":4},"end":{"line":23,"column":22}},"17":{"start":{"line":26,"column":2},"end":{"line":26,"column":49}}},"fnMap":{"0":{"name":"useSourceLayers","decl":{"start":{"line":3,"column":16},"end":{"line":3,"column":31}},"loc":{"start":{"line":3,"column":43},"end":{"line":27,"column":1}}},"1":{"name":"(anonymous_1)","decl":{"start":{"line":8,"column":22},"end":{"line":8,"column":27}},"loc":{"start":{"line":8,"column":33},"end":{"line":24,"column":3}}},"2":{"name":"(anonymous_2)","decl":{"start":{"line":16,"column":41},"end":{"line":16,"column":42}},"loc":{"start":{"line":16,"column":53},"end":{"line":16,"column":57}}}},"branchMap":{"0":{"loc":{"start":{"line":14,"column":6},"end":{"line":19,"column":7}},"type":"if","locations":[{"start":{"line":14,"column":6},"end":{"line":19,"column":7}},{"start":{"line":17,"column":13},"end":{"line":19,"column":7}}]}},"s":{"0":1,"1":1,"2":10,"3":10,"4":10,"5":10,"6":4,"7":4,"8":4,"9":4,"10":3,"11":3,"12":2,"13":3,"14":1,"15":1,"16":4,"17":10},"f":{"0":10,"1":4,"2":3},"b":{"0":[2,1]}}
,"/Users/higuchi/Documents/dev/map-style-studio/src/utils/colorHelpers.ts": {"path":"/Users/higuchi/Documents/dev/map-style-studio/src/utils/colorHelpers.ts","statementMap":{"0":{"start":{"line":7,"column":0},"end":{"line":7,"column":16}},"1":{"start":{"line":18,"column":0},"end":{"line":18,"column":16}},"2":{"start":{"line":39,"column":0},"end":{"line":39,"column":16}},"3":{"start":{"line":56,"column":0},"end":{"line":56,"column":16}},"4":{"start":{"line":82,"column":0},"end":{"line":82,"column":16}},"5":{"start":{"line":116,"column":0},"end":{"line":116,"column":16}},"6":{"start":{"line":124,"column":0},"end":{"line":124,"column":16}},"7":{"start":{"line":132,"column":0},"end":{"line":132,"column":16}},"8":{"start":{"line":140,"column":0},"end":{"line":140,"column":16}},"9":{"start":{"line":148,"column":0},"end":{"line":148,"column":16}},"10":{"start":{"line":157,"column":0},"end":{"line":157,"column":16}},"11":{"start":{"line":165,"column":0},"end":{"line":165,"column":16}},"12":{"start":{"line":8,"column":16},"end":{"line":8,"column":85}},"13":{"start":{"line":9,"column":2},"end":{"line":9,"column":26}},"14":{"start":{"line":9,"column":14},"end":{"line":9,"column":26}},"15":{"start":{"line":10,"column":2},"end":{"line":14,"column":4}},"16":{"start":{"line":19,"column":2},"end":{"line":19,"column":11}},"17":{"start":{"line":19,"column":12},"end":{"line":19,"column":21}},"18":{"start":{"line":19,"column":22},"end":{"line":19,"column":31}},"19":{"start":{"line":20,"column":14},"end":{"line":20,"column":31}},"20":{"start":{"line":20,"column":39},"end":{"line":20,"column":56}},"21":{"start":{"line":21,"column":10},"end":{"line":21,"column":11}},"22":{"start":{"line":22,"column":12},"end":{"line":22,"column":15}},"23":{"start":{"line":23,"column":12},"end":{"line":23,"column":21}},"24":{"start":{"line":24,"column":12},"end":{"line":24,"column":35}},"25":{"start":{"line":25,"column":2},"end":{"line":34,"column":3}},"26":{"start":{"line":26,"column":4},"end":{"line":26,"column":10}},"27":{"start":{"line":28,"column":4},"end":{"line":32,"column":5}},"28":{"start":{"line":29,"column":14},"end":{"line":29,"column":48}},"29":{"start":{"line":29,"column":49},"end":{"line":29,"column":55}},"30":{"start":{"line":30,"column":14},"end":{"line":30,"column":34}},"31":{"start":{"line":30,"column":35},"end":{"line":30,"column":41}},"32":{"start":{"line":31,"column":14},"end":{"line":31,"column":34}},"33":{"start":{"line":31,"column":35},"end":{"line":31,"column":41}},"34":{"start":{"line":33,"column":4},"end":{"line":33,"column":11}},"35":{"start":{"line":35,"column":2},"end":{"line":35,"column":30}},"36":{"start":{"line":40,"column":16},"end":{"line":40,"column":79}},"37":{"start":{"line":41,"column":2},"end":{"line":41,"column":26}},"38":{"start":{"line":41,"column":14},"end":{"line":41,"column":26}},"39":{"start":{"line":42,"column":12},"end":{"line":42,"column":30}},"40":{"start":{"line":43,"column":12},"end":{"line":43,"column":30}},"41":{"start":{"line":44,"column":12},"end":{"line":44,"column":30}},"42":{"start":{"line":45,"column":12},"end":{"line":45,"column":77}},"43":{"start":{"line":46,"column":2},"end":{"line":52,"column":4}},"44":{"start":{"line":49,"column":16},"end":{"line":49,"column":47}},"45":{"start":{"line":57,"column":2},"end":{"line":60,"column":3}},"46":{"start":{"line":59,"column":4},"end":{"line":59,"column":21}},"47":{"start":{"line":61,"column":10},"end":{"line":61,"column":30}},"48":{"start":{"line":62,"column":2},"end":{"line":62,"column":63}},"49":{"start":{"line":62,"column":22},"end":{"line":62,"column":63}},"50":{"start":{"line":62,"column":47},"end":{"line":62,"column":52}},"51":{"start":{"line":63,"column":12},"end":{"line":63,"column":49}},"52":{"start":{"line":64,"column":12},"end":{"line":64,"column":49}},"53":{"start":{"line":65,"column":12},"end":{"line":65,"column":49}},"54":{"start":{"line":66,"column":14},"end":{"line":66,"column":31}},"55":{"start":{"line":66,"column":39},"end":{"line":66,"column":56}},"56":{"start":{"line":67,"column":10},"end":{"line":67,"column":11}},"57":{"start":{"line":67,"column":17},"end":{"line":67,"column":18}},"58":{"start":{"line":68,"column":12},"end":{"line":68,"column":27}},"59":{"start":{"line":69,"column":2},"end":{"line":78,"column":3}},"60":{"start":{"line":70,"column":14},"end":{"line":70,"column":23}},"61":{"start":{"line":71,"column":4},"end":{"line":71,"column":56}},"62":{"start":{"line":72,"column":4},"end":{"line":76,"column":5}},"63":{"start":{"line":73,"column":14},"end":{"line":73,"column":48}},"64":{"start":{"line":73,"column":49},"end":{"line":73,"column":55}},"65":{"start":{"line":74,"column":14},"end":{"line":74,"column":34}},"66":{"start":{"line":74,"column":35},"end":{"line":74,"column":41}},"67":{"start":{"line":75,"column":14},"end":{"line":75,"column":34}},"68":{"start":{"line":75,"column":35},"end":{"line":75,"column":41}},"69":{"start":{"line":77,"column":4},"end":{"line":77,"column":11}},"70":{"start":{"line":79,"column":2},"end":{"line":79,"column":25}},"71":{"start":{"line":83,"column":2},"end":{"line":83,"column":11}},"72":{"start":{"line":85,"column":2},"end":{"line":101,"column":3}},"73":{"start":{"line":86,"column":4},"end":{"line":86,"column":18}},"74":{"start":{"line":88,"column":20},"end":{"line":95,"column":5}},"75":{"start":{"line":89,"column":6},"end":{"line":89,"column":24}},"76":{"start":{"line":89,"column":17},"end":{"line":89,"column":24}},"77":{"start":{"line":90,"column":6},"end":{"line":90,"column":24}},"78":{"start":{"line":90,"column":17},"end":{"line":90,"column":24}},"79":{"start":{"line":91,"column":6},"end":{"line":91,"column":48}},"80":{"start":{"line":91,"column":21},"end":{"line":91,"column":48}},"81":{"start":{"line":92,"column":6},"end":{"line":92,"column":30}},"82":{"start":{"line":92,"column":21},"end":{"line":92,"column":30}},"83":{"start":{"line":93,"column":6},"end":{"line":93,"column":58}},"84":{"start":{"line":93,"column":21},"end":{"line":93,"column":58}},"85":{"start":{"line":94,"column":6},"end":{"line":94,"column":15}},"86":{"start":{"line":96,"column":14},"end":{"line":96,"column":51}},"87":{"start":{"line":97,"column":14},"end":{"line":97,"column":23}},"88":{"start":{"line":98,"column":4},"end":{"line":98,"column":33}},"89":{"start":{"line":99,"column":4},"end":{"line":99,"column":25}},"90":{"start":{"line":100,"column":4},"end":{"line":100,"column":33}},"91":{"start":{"line":102,"column":2},"end":{"line":107,"column":4}},"92":{"start":{"line":105,"column":16},"end":{"line":105,"column":65}},"93":{"start":{"line":117,"column":14},"end":{"line":117,"column":27}},"94":{"start":{"line":118,"column":2},"end":{"line":118,"column":25}},"95":{"start":{"line":118,"column":12},"end":{"line":118,"column":25}},"96":{"start":{"line":119,"column":22},"end":{"line":119,"column":51}},"97":{"start":{"line":120,"column":2},"end":{"line":120,"column":51}},"98":{"start":{"line":125,"column":14},"end":{"line":125,"column":27}},"99":{"start":{"line":126,"column":2},"end":{"line":126,"column":25}},"100":{"start":{"line":126,"column":12},"end":{"line":126,"column":25}},"101":{"start":{"line":127,"column":22},"end":{"line":127,"column":51}},"102":{"start":{"line":128,"column":2},"end":{"line":128,"column":79}},"103":{"start":{"line":133,"column":14},"end":{"line":133,"column":27}},"104":{"start":{"line":134,"column":2},"end":{"line":134,"column":25}},"105":{"start":{"line":134,"column":12},"end":{"line":134,"column":25}},"106":{"start":{"line":135,"column":22},"end":{"line":135,"column":51}},"107":{"start":{"line":136,"column":2},"end":{"line":136,"column":50}},"108":{"start":{"line":141,"column":14},"end":{"line":141,"column":27}},"109":{"start":{"line":142,"column":2},"end":{"line":142,"column":25}},"110":{"start":{"line":142,"column":12},"end":{"line":142,"column":25}},"111":{"start":{"line":143,"column":22},"end":{"line":143,"column":51}},"112":{"start":{"line":144,"column":2},"end":{"line":144,"column":52}},"113":{"start":{"line":149,"column":14},"end":{"line":149,"column":27}},"114":{"start":{"line":150,"column":2},"end":{"line":150,"column":25}},"115":{"start":{"line":150,"column":12},"end":{"line":150,"column":25}},"116":{"start":{"line":151,"column":22},"end":{"line":151,"column":51}},"117":{"start":{"line":153,"column":2},"end":{"line":153,"column":50}},"118":{"start":{"line":158,"column":14},"end":{"line":158,"column":27}},"119":{"start":{"line":159,"column":2},"end":{"line":159,"column":25}},"120":{"start":{"line":159,"column":12},"end":{"line":159,"column":25}},"121":{"start":{"line":160,"column":16},"end":{"line":160,"column":45}},"122":{"start":{"line":161,"column":2},"end":{"line":161,"column":17}},"123":{"start":{"line":166,"column":14},"end":{"line":166,"column":27}},"124":{"start":{"line":167,"column":2},"end":{"line":167,"column":25}},"125":{"start":{"line":167,"column":12},"end":{"line":167,"column":25}},"126":{"start":{"line":168,"column":19},"end":{"line":168,"column":48}},"127":{"start":{"line":169,"column":2},"end":{"line":169,"column":28}}},"fnMap":{"0":{"name":"hexToRgb","decl":{"start":{"line":7,"column":16},"end":{"line":7,"column":24}},"loc":{"start":{"line":7,"column":36},"end":{"line":15,"column":1}}},"1":{"name":"rgbToHsv","decl":{"start":{"line":18,"column":16},"end":{"line":18,"column":24}},"loc":{"start":{"line":18,"column":56},"end":{"line":36,"column":1}}},"2":{"name":"rgbaToHex","decl":{"start":{"line":39,"column":16},"end":{"line":39,"column":25}},"loc":{"start":{"line":39,"column":38},"end":{"line":53,"column":1}}},"3":{"name":"(anonymous_3)","decl":{"start":{"line":49,"column":11},"end":{"line":49,"column":12}},"loc":{"start":{"line":49,"column":16},"end":{"line":49,"column":47}}},"4":{"name":"hexToHsl","decl":{"start":{"line":56,"column":16},"end":{"line":56,"column":24}},"loc":{"start":{"line":56,"column":36},"end":{"line":80,"column":1}}},"5":{"name":"(anonymous_5)","decl":{"start":{"line":62,"column":42},"end":{"line":62,"column":43}},"loc":{"start":{"line":62,"column":47},"end":{"line":62,"column":52}}},"6":{"name":"hslToHex","decl":{"start":{"line":82,"column":16},"end":{"line":82,"column":24}},"loc":{"start":{"line":82,"column":56},"end":{"line":108,"column":1}}},"7":{"name":"(anonymous_7)","decl":{"start":{"line":88,"column":20},"end":{"line":88,"column":21}},"loc":{"start":{"line":88,"column":56},"end":{"line":95,"column":5}}},"8":{"name":"(anonymous_8)","decl":{"start":{"line":105,"column":11},"end":{"line":105,"column":12}},"loc":{"start":{"line":105,"column":16},"end":{"line":105,"column":65}}},"9":{"name":"isGreenColor","decl":{"start":{"line":116,"column":16},"end":{"line":116,"column":28}},"loc":{"start":{"line":116,"column":40},"end":{"line":121,"column":1}}},"10":{"name":"isRedColor","decl":{"start":{"line":124,"column":16},"end":{"line":124,"column":26}},"loc":{"start":{"line":124,"column":38},"end":{"line":129,"column":1}}},"11":{"name":"isYellowColor","decl":{"start":{"line":132,"column":16},"end":{"line":132,"column":29}},"loc":{"start":{"line":132,"column":41},"end":{"line":137,"column":1}}},"12":{"name":"isBlueColor","decl":{"start":{"line":140,"column":16},"end":{"line":140,"column":27}},"loc":{"start":{"line":140,"column":39},"end":{"line":145,"column":1}}},"13":{"name":"isBrownColor","decl":{"start":{"line":148,"column":16},"end":{"line":148,"column":28}},"loc":{"start":{"line":148,"column":40},"end":{"line":154,"column":1}}},"14":{"name":"isBlackColor","decl":{"start":{"line":157,"column":16},"end":{"line":157,"column":28}},"loc":{"start":{"line":157,"column":40},"end":{"line":162,"column":1}}},"15":{"name":"isWhiteColor","decl":{"start":{"line":165,"column":16},"end":{"line":165,"column":28}},"loc":{"start":{"line":165,"column":40},"end":{"line":170,"column":1}}}},"branchMap":{"0":{"loc":{"start":{"line":9,"column":2},"end":{"line":9,"column":26}},"type":"if","locations":[{"start":{"line":9,"column":2},"end":{"line":9,"column":26}}]},"1":{"loc":{"start":{"line":24,"column":12},"end":{"line":24,"column":35}},"type":"cond-expr","locations":[{"start":{"line":24,"column":24},"end":{"line":24,"column":25}},{"start":{"line":24,"column":28},"end":{"line":24,"column":35}}]},"2":{"loc":{"start":{"line":25,"column":2},"end":{"line":34,"column":3}},"type":"if","locations":[{"start":{"line":25,"column":2},"end":{"line":34,"column":3}},{"start":{"line":27,"column":9},"end":{"line":34,"column":3}}]},"3":{"loc":{"start":{"line":28,"column":4},"end":{"line":32,"column":5}},"type":"switch","locations":[{"start":{"line":29,"column":6},"end":{"line":29,"column":55}},{"start":{"line":30,"column":6},"end":{"line":30,"column":41}},{"start":{"line":31,"column":6},"end":{"line":31,"column":41}}]},"4":{"loc":{"start":{"line":29,"column":33},"end":{"line":29,"column":46}},"type":"cond-expr","locations":[{"start":{"line":29,"column":41},"end":{"line":29,"column":42}},{"start":{"line":29,"column":45},"end":{"line":29,"column":46}}]},"5":{"loc":{"start":{"line":41,"column":2},"end":{"line":41,"column":26}},"type":"if","locations":[{"start":{"line":41,"column":2},"end":{"line":41,"column":26}}]},"6":{"loc":{"start":{"line":45,"column":12},"end":{"line":45,"column":77}},"type":"cond-expr","locations":[{"start":{"line":45,"column":37},"end":{"line":45,"column":71}},{"start":{"line":45,"column":74},"end":{"line":45,"column":77}}]},"7":{"loc":{"start":{"line":57,"column":2},"end":{"line":60,"column":3}},"type":"if","locations":[{"start":{"line":57,"column":2},"end":{"line":60,"column":3}}]},"8":{"loc":{"start":{"line":57,"column":6},"end":{"line":57,"column":74}},"type":"binary-expr","locations":[{"start":{"line":57,"column":6},"end":{"line":57,"column":10}},{"start":{"line":57,"column":14},"end":{"line":57,"column":37}},{"start":{"line":57,"column":41},"end":{"line":57,"column":74}}]},"9":{"loc":{"start":{"line":62,"column":2},"end":{"line":62,"column":63}},"type":"if","locations":[{"start":{"line":62,"column":2},"end":{"line":62,"column":63}}]},"10":{"loc":{"start":{"line":69,"column":2},"end":{"line":78,"column":3}},"type":"if","locations":[{"start":{"line":69,"column":2},"end":{"line":78,"column":3}}]},"11":{"loc":{"start":{"line":71,"column":8},"end":{"line":71,"column":55}},"type":"cond-expr","locations":[{"start":{"line":71,"column":18},"end":{"line":71,"column":37}},{"start":{"line":71,"column":40},"end":{"line":71,"column":55}}]},"12":{"loc":{"start":{"line":72,"column":4},"end":{"line":76,"column":5}},"type":"switch","locations":[{"start":{"line":73,"column":6},"end":{"line":73,"column":55}},{"start":{"line":74,"column":6},"end":{"line":74,"column":41}},{"start":{"line":75,"column":6},"end":{"line":75,"column":41}}]},"13":{"loc":{"start":{"line":73,"column":33},"end":{"line":73,"column":46}},"type":"cond-expr","locations":[{"start":{"line":73,"column":41},"end":{"line":73,"column":42}},{"start":{"line":73,"column":45},"end":{"line":73,"column":46}}]},"14":{"loc":{"start":{"line":85,"column":2},"end":{"line":101,"column":3}},"type":"if","locations":[{"start":{"line":85,"column":2},"end":{"line":101,"column":3}},{"start":{"line":87,"column":9},"end":{"line":101,"column":3}}]},"15":{"loc":{"start":{"line":89,"column":6},"end":{"line":89,"column":24}},"type":"if","locations":[{"start":{"line":89,"column":6},"end":{"line":89,"column":24}}]},"16":{"loc":{"start":{"line":90,"column":6},"end":{"line":90,"column":24}},"type":"if","locations":[{"start":{"line":90,"column":6},"end":{"line":90,"column":24}}]},"17":{"loc":{"start":{"line":91,"column":6},"end":{"line":91,"column":48}},"type":"if","locations":[{"start":{"line":91,"column":6},"end":{"line":91,"column":48}}]},"18":{"loc":{"start":{"line":92,"column":6},"end":{"line":92,"column":30}},"type":"if","locations":[{"start":{"line":92,"column":6},"end":{"line":92,"column":30}}]},"19":{"loc":{"start":{"line":93,"column":6},"end":{"line":93,"column":58}},"type":"if","locations":[{"start":{"line":93,"column":6},"end":{"line":93,"column":58}}]},"20":{"loc":{"start":{"line":96,"column":14},"end":{"line":96,"column":51}},"type":"cond-expr","locations":[{"start":{"line":96,"column":24},"end":{"line":96,"column":35}},{"start":{"line":96,"column":38},"end":{"line":96,"column":51}}]},"21":{"loc":{"start":{"line":118,"column":2},"end":{"line":118,"column":25}},"type":"if","locations":[{"start":{"line":118,"column":2},"end":{"line":118,"column":25}}]},"22":{"loc":{"start":{"line":120,"column":9},"end":{"line":120,"column":50}},"type":"binary-expr","locations":[{"start":{"line":120,"column":9},"end":{"line":120,"column":16}},{"start":{"line":120,"column":20},"end":{"line":120,"column":28}},{"start":{"line":120,"column":32},"end":{"line":120,"column":39}},{"start":{"line":120,"column":43},"end":{"line":120,"column":50}}]},"23":{"loc":{"start":{"line":126,"column":2},"end":{"line":126,"column":25}},"type":"if","locations":[{"start":{"line":126,"column":2},"end":{"line":126,"column":25}}]},"24":{"loc":{"start":{"line":128,"column":9},"end":{"line":128,"column":78}},"type":"binary-expr","locations":[{"start":{"line":128,"column":11},"end":{"line":128,"column":17}},{"start":{"line":128,"column":21},"end":{"line":128,"column":28}},{"start":{"line":128,"column":34},"end":{"line":128,"column":42}},{"start":{"line":128,"column":46},"end":{"line":128,"column":54}},{"start":{"line":128,"column":60},"end":{"line":128,"column":67}},{"start":{"line":128,"column":71},"end":{"line":128,"column":78}}]},"25":{"loc":{"start":{"line":134,"column":2},"end":{"line":134,"column":25}},"type":"if","locations":[{"start":{"line":134,"column":2},"end":{"line":134,"column":25}}]},"26":{"loc":{"start":{"line":136,"column":9},"end":{"line":136,"column":49}},"type":"binary-expr","locations":[{"start":{"line":136,"column":9},"end":{"line":136,"column":16}},{"start":{"line":136,"column":20},"end":{"line":136,"column":27}},{"start":{"line":136,"column":31},"end":{"line":136,"column":38}},{"start":{"line":136,"column":42},"end":{"line":136,"column":49}}]},"27":{"loc":{"start":{"line":142,"column":2},"end":{"line":142,"column":25}},"type":"if","locations":[{"start":{"line":142,"column":2},"end":{"line":142,"column":25}}]},"28":{"loc":{"start":{"line":144,"column":9},"end":{"line":144,"column":51}},"type":"binary-expr","locations":[{"start":{"line":144,"column":9},"end":{"line":144,"column":17}},{"start":{"line":144,"column":21},"end":{"line":144,"column":29}},{"start":{"line":144,"column":33},"end":{"line":144,"column":40}},{"start":{"line":144,"column":44},"end":{"line":144,"column":51}}]},"29":{"loc":{"start":{"line":150,"column":2},"end":{"line":150,"column":25}},"type":"if","locations":[{"start":{"line":150,"column":2},"end":{"line":150,"column":25}}]},"30":{"loc":{"start":{"line":153,"column":9},"end":{"line":153,"column":49}},"type":"binary-expr","locations":[{"start":{"line":153,"column":9},"end":{"line":153,"column":16}},{"start":{"line":153,"column":20},"end":{"line":153,"column":27}},{"start":{"line":153,"column":31},"end":{"line":153,"column":38}},{"start":{"line":153,"column":42},"end":{"line":153,"column":49}}]},"31":{"loc":{"start":{"line":159,"column":2},"end":{"line":159,"column":25}},"type":"if","locations":[{"start":{"line":159,"column":2},"end":{"line":159,"column":25}}]},"32":{"loc":{"start":{"line":167,"column":2},"end":{"line":167,"column":25}},"type":"if","locations":[{"start":{"line":167,"column":2},"end":{"line":167,"column":25}}]},"33":{"loc":{"start":{"line":169,"column":9},"end":{"line":169,"column":27}},"type":"binary-expr","locations":[{"start":{"line":169,"column":9},"end":{"line":169,"column":16}},{"start":{"line":169,"column":20},"end":{"line":169,"column":27}}]}},"s":{"0":10,"1":10,"2":10,"3":10,"4":10,"5":10,"6":10,"7":10,"8":10,"9":10,"10":10,"11":10,"12":91,"13":91,"14":10,"15":81,"16":83,"17":83,"18":83,"19":83,"20":83,"21":83,"22":83,"23":83,"24":83,"25":83,"26":27,"27":56,"28":31,"29":31,"30":15,"31":15,"32":10,"33":10,"34":56,"35":83,"36":29,"37":29,"38":23,"39":6,"40":6,"41":6,"42":6,"43":6,"44":24,"45":17,"46":2,"47":15,"48":15,"49":1,"50":3,"51":15,"52":15,"53":15,"54":15,"55":15,"56":15,"57":15,"58":15,"59":15,"60":14,"61":14,"62":14,"63":10,"64":10,"65":2,"66":2,"67":2,"68":2,"69":14,"70":15,"71":17,"72":17,"73":3,"74":14,"75":42,"76":8,"77":42,"78":1,"79":42,"80":10,"81":32,"82":14,"83":18,"84":2,"85":16,"86":14,"87":14,"88":14,"89":14,"90":14,"91":17,"92":51,"93":12,"94":12,"95":1,"96":11,"97":11,"98":12,"99":12,"100":1,"101":11,"102":11,"103":12,"104":12,"105":1,"106":11,"107":11,"108":11,"109":11,"110":1,"111":10,"112":10,"113":12,"114":12,"115":1,"116":11,"117":11,"118":11,"119":11,"120":1,"121":10,"122":10,"123":11,"124":11,"125":1,"126":10,"127":10},"f":{"0":91,"1":83,"2":29,"3":24,"4":17,"5":3,"6":17,"7":42,"8":51,"9":12,"10":12,"11":12,"12":11,"13":12,"14":11,"15":11},"b":{"0":[10],"1":[8,75],"2":[27,56],"3":[31,15,10],"4":[2,29],"5":[23],"6":[4,2],"7":[2],"8":[17,15,15],"9":[1],"10":[14],"11":[1,13],"12":[10,2,2],"13":[1,9],"14":[3,14],"15":[8],"16":[1],"17":[10],"18":[14],"19":[2],"20":[1,13],"21":[1],"22":[11,7,6,6],"23":[1],"24":[11,11,4,1,8,7],"25":[1],"26":[11,8,7,7],"27":[1],"28":[10,6,6,6],"29":[1],"30":[11,9,6,6],"31":[1],"32":[1],"33":[10,9]}}
,"/Users/higuchi/Documents/dev/map-style-studio/src/utils/generateCategoryColorStyle.ts": {"path":"/Users/higuchi/Documents/dev/map-style-studio/src/utils/generateCategoryColorStyle.ts","statementMap":{"0":{"start":{"line":14,"column":0},"end":{"line":14,"column":16}},"1":{"start":{"line":19,"column":21},"end":{"line":22,"column":3}},"2":{"start":{"line":20,"column":24},"end":{"line":20,"column":84}},"3":{"start":{"line":21,"column":4},"end":{"line":21,"column":63}},"4":{"start":{"line":24,"column":20},"end":{"line":98,"column":4}},"5":{"start":{"line":25,"column":19},"end":{"line":25,"column":31}},"6":{"start":{"line":28,"column":4},"end":{"line":39,"column":5}},"7":{"start":{"line":34,"column":6},"end":{"line":37,"column":30}},"8":{"start":{"line":38,"column":6},"end":{"line":38,"column":62}},"9":{"start":{"line":42,"column":4},"end":{"line":53,"column":5}},"10":{"start":{"line":48,"column":6},"end":{"line":51,"column":30}},"11":{"start":{"line":52,"column":6},"end":{"line":52,"column":66}},"12":{"start":{"line":56,"column":4},"end":{"line":67,"column":5}},"13":{"start":{"line":62,"column":6},"end":{"line":65,"column":30}},"14":{"start":{"line":66,"column":6},"end":{"line":66,"column":56}},"15":{"start":{"line":70,"column":4},"end":{"line":81,"column":5}},"16":{"start":{"line":76,"column":6},"end":{"line":79,"column":30}},"17":{"start":{"line":80,"column":6},"end":{"line":80,"column":54}},"18":{"start":{"line":84,"column":4},"end":{"line":95,"column":5}},"19":{"start":{"line":90,"column":6},"end":{"line":93,"column":30}},"20":{"start":{"line":94,"column":6},"end":{"line":94,"column":60}},"21":{"start":{"line":97,"column":4},"end":{"line":97,"column":20}},"22":{"start":{"line":100,"column":2},"end":{"line":103,"column":4}}},"fnMap":{"0":{"name":"generateCategoryColorStyle","decl":{"start":{"line":14,"column":16},"end":{"line":14,"column":42}},"loc":{"start":{"line":16,"column":27},"end":{"line":104,"column":1}}},"1":{"name":"(anonymous_1)","decl":{"start":{"line":19,"column":21},"end":{"line":19,"column":22}},"loc":{"start":{"line":19,"column":68},"end":{"line":22,"column":3}}},"2":{"name":"(anonymous_2)","decl":{"start":{"line":24,"column":38},"end":{"line":24,"column":43}},"loc":{"start":{"line":24,"column":46},"end":{"line":98,"column":3}}}},"branchMap":{"0":{"loc":{"start":{"line":20,"column":24},"end":{"line":20,"column":84}},"type":"cond-expr","locations":[{"start":{"line":20,"column":50},"end":{"line":20,"column":79}},{"start":{"line":20,"column":82},"end":{"line":20,"column":84}}]},"1":{"loc":{"start":{"line":21,"column":11},"end":{"line":21,"column":62}},"type":"binary-expr","locations":[{"start":{"line":21,"column":11},"end":{"line":21,"column":33}},{"start":{"line":21,"column":37},"end":{"line":21,"column":62}}]},"2":{"loc":{"start":{"line":28,"column":4},"end":{"line":39,"column":5}},"type":"if","locations":[{"start":{"line":28,"column":4},"end":{"line":39,"column":5}}]},"3":{"loc":{"start":{"line":29,"column":6},"end":{"line":32,"column":36}},"type":"binary-expr","locations":[{"start":{"line":29,"column":6},"end":{"line":29,"column":46}},{"start":{"line":30,"column":6},"end":{"line":30,"column":27}},{"start":{"line":31,"column":6},"end":{"line":31,"column":20}},{"start":{"line":32,"column":6},"end":{"line":32,"column":36}}]},"4":{"loc":{"start":{"line":42,"column":4},"end":{"line":53,"column":5}},"type":"if","locations":[{"start":{"line":42,"column":4},"end":{"line":53,"column":5}}]},"5":{"loc":{"start":{"line":43,"column":6},"end":{"line":46,"column":42}},"type":"binary-expr","locations":[{"start":{"line":43,"column":6},"end":{"line":43,"column":51}},{"start":{"line":44,"column":6},"end":{"line":44,"column":33}},{"start":{"line":45,"column":6},"end":{"line":45,"column":20}},{"start":{"line":46,"column":6},"end":{"line":46,"column":42}}]},"6":{"loc":{"start":{"line":56,"column":4},"end":{"line":67,"column":5}},"type":"if","locations":[{"start":{"line":56,"column":4},"end":{"line":67,"column":5}}]},"7":{"loc":{"start":{"line":57,"column":6},"end":{"line":60,"column":36}},"type":"binary-expr","locations":[{"start":{"line":57,"column":6},"end":{"line":57,"column":64}},{"start":{"line":58,"column":6},"end":{"line":58,"column":27}},{"start":{"line":59,"column":6},"end":{"line":59,"column":20}},{"start":{"line":60,"column":6},"end":{"line":60,"column":36}}]},"8":{"loc":{"start":{"line":70,"column":4},"end":{"line":81,"column":5}},"type":"if","locations":[{"start":{"line":70,"column":4},"end":{"line":81,"column":5}}]},"9":{"loc":{"start":{"line":71,"column":6},"end":{"line":74,"column":36}},"type":"binary-expr","locations":[{"start":{"line":71,"column":6},"end":{"line":71,"column":47}},{"start":{"line":72,"column":6},"end":{"line":72,"column":27}},{"start":{"line":73,"column":6},"end":{"line":73,"column":20}},{"start":{"line":74,"column":6},"end":{"line":74,"column":36}}]},"10":{"loc":{"start":{"line":84,"column":4},"end":{"line":95,"column":5}},"type":"if","locations":[{"start":{"line":84,"column":4},"end":{"line":95,"column":5}}]},"11":{"loc":{"start":{"line":85,"column":6},"end":{"line":88,"column":36}},"type":"binary-expr","locations":[{"start":{"line":85,"column":6},"end":{"line":85,"column":71}},{"start":{"line":86,"column":6},"end":{"line":86,"column":27}},{"start":{"line":87,"column":6},"end":{"line":87,"column":20}},{"start":{"line":88,"column":6},"end":{"line":88,"column":36}}]},"12":{"loc":{"start":{"line":102,"column":12},"end":{"line":102,"column":37}},"type":"binary-expr","locations":[{"start":{"line":102,"column":12},"end":{"line":102,"column":21}},{"start":{"line":102,"column":25},"end":{"line":102,"column":37}}]}},"s":{"0":1,"1":4,"2":65,"3":65,"4":4,"5":13,"6":13,"7":3,"8":3,"9":13,"10":2,"11":2,"12":13,"13":2,"14":2,"15":13,"16":3,"17":3,"18":13,"19":2,"20":2,"21":13,"22":4},"f":{"0":4,"1":65,"2":13},"b":{"0":[10,55],"1":[65,54],"2":[3],"3":[13,3,3,3],"4":[2],"5":[13,2,2,2],"6":[2],"7":[13,2,2,2],"8":[3],"9":[13,3,3,3],"10":[2],"11":[13,2,2,2],"12":[4,1]}}
,"/Users/higuchi/Documents/dev/map-style-studio/src/utils/generateStyleFromTheme.ts": {"path":"/Users/higuchi/Documents/dev/map-style-studio/src/utils/generateStyleFromTheme.ts","statementMap":{"0":{"start":{"line":11,"column":0},"end":{"line":11,"column":16}},"1":{"start":{"line":20,"column":0},"end":{"line":20,"column":16}},"2":{"start":{"line":28,"column":0},"end":{"line":28,"column":16}},"3":{"start":{"line":55,"column":0},"end":{"line":55,"column":16}},"4":{"start":{"line":71,"column":0},"end":{"line":71,"column":16}},"5":{"start":{"line":87,"column":0},"end":{"line":87,"column":16}},"6":{"start":{"line":2,"column":0},"end":{"line":2,"column":63}},"7":{"start":{"line":12,"column":13},"end":{"line":12,"column":35}},"8":{"start":{"line":13,"column":2},"end":{"line":13,"column":70}},"9":{"start":{"line":13,"column":52},"end":{"line":13,"column":70}},"10":{"start":{"line":14,"column":2},"end":{"line":14,"column":88}},"11":{"start":{"line":14,"column":74},"end":{"line":14,"column":88}},"12":{"start":{"line":15,"column":2},"end":{"line":15,"column":95}},"13":{"start":{"line":15,"column":75},"end":{"line":15,"column":95}},"14":{"start":{"line":16,"column":2},"end":{"line":16,"column":17}},"15":{"start":{"line":21,"column":2},"end":{"line":21,"column":48}},"16":{"start":{"line":21,"column":27},"end":{"line":21,"column":48}},"17":{"start":{"line":22,"column":2},"end":{"line":22,"column":63}},"18":{"start":{"line":22,"column":23},"end":{"line":22,"column":63}},"19":{"start":{"line":23,"column":2},"end":{"line":23,"column":87}},"20":{"start":{"line":23,"column":29},"end":{"line":23,"column":87}},"21":{"start":{"line":24,"column":2},"end":{"line":24,"column":23}},"22":{"start":{"line":29,"column":2},"end":{"line":29,"column":41}},"23":{"start":{"line":29,"column":28},"end":{"line":29,"column":41}},"24":{"start":{"line":30,"column":2},"end":{"line":49,"column":3}},"25":{"start":{"line":31,"column":16},"end":{"line":31,"column":21}},"26":{"start":{"line":33,"column":4},"end":{"line":35,"column":5}},"27":{"start":{"line":34,"column":6},"end":{"line":34,"column":31}},"28":{"start":{"line":37,"column":4},"end":{"line":43,"column":5}},"29":{"start":{"line":42,"column":6},"end":{"line":42,"column":24}},"30":{"start":{"line":50,"column":2},"end":{"line":50,"column":15}},"31":{"start":{"line":56,"column":10},"end":{"line":56,"column":30}},"32":{"start":{"line":57,"column":2},"end":{"line":57,"column":63}},"33":{"start":{"line":57,"column":22},"end":{"line":57,"column":63}},"34":{"start":{"line":57,"column":47},"end":{"line":57,"column":52}},"35":{"start":{"line":58,"column":12},"end":{"line":58,"column":49}},"36":{"start":{"line":59,"column":12},"end":{"line":59,"column":49}},"37":{"start":{"line":60,"column":12},"end":{"line":60,"column":49}},"38":{"start":{"line":62,"column":19},"end":{"line":62,"column":97}},"39":{"start":{"line":62,"column":35},"end":{"line":62,"column":96}},"40":{"start":{"line":63,"column":12},"end":{"line":63,"column":23}},"41":{"start":{"line":64,"column":12},"end":{"line":64,"column":23}},"42":{"start":{"line":65,"column":12},"end":{"line":65,"column":23}},"43":{"start":{"line":67,"column":2},"end":{"line":67,"column":46}},"44":{"start":{"line":72,"column":17},"end":{"line":72,"column":97}},"45":{"start":{"line":72,"column":93},"end":{"line":72,"column":96}},"46":{"start":{"line":73,"column":2},"end":{"line":73,"column":48}},"47":{"start":{"line":73,"column":29},"end":{"line":73,"column":46}},"48":{"start":{"line":74,"column":18},"end":{"line":74,"column":27}},"49":{"start":{"line":75,"column":15},"end":{"line":75,"column":17}},"50":{"start":{"line":76,"column":2},"end":{"line":82,"column":3}},"51":{"start":{"line":77,"column":16},"end":{"line":77,"column":46}},"52":{"start":{"line":78,"column":4},"end":{"line":81,"column":5}},"53":{"start":{"line":79,"column":6},"end":{"line":79,"column":19}},"54":{"start":{"line":80,"column":6},"end":{"line":80,"column":24}},"55":{"start":{"line":83,"column":2},"end":{"line":83,"column":19}},"56":{"start":{"line":88,"column":20},"end":{"line":88,"column":33}},"57":{"start":{"line":89,"column":15},"end":{"line":89,"column":39}},"58":{"start":{"line":90,"column":2},"end":{"line":90,"column":30}},"59":{"start":{"line":93,"column":38},"end":{"line":121,"column":1}},"60":{"start":{"line":94,"column":39},"end":{"line":94,"column":80}},"61":{"start":{"line":97,"column":20},"end":{"line":97,"column":44}},"62":{"start":{"line":98,"column":26},"end":{"line":98,"column":66}},"63":{"start":{"line":100,"column":2},"end":{"line":118,"column":5}},"64":{"start":{"line":101,"column":17},"end":{"line":101,"column":38}},"65":{"start":{"line":102,"column":23},"end":{"line":102,"column":49}},"66":{"start":{"line":104,"column":18},"end":{"line":104,"column":63}},"67":{"start":{"line":106,"column":4},"end":{"line":114,"column":5}},"68":{"start":{"line":107,"column":6},"end":{"line":107,"column":50}},"69":{"start":{"line":109,"column":6},"end":{"line":113,"column":9}},"70":{"start":{"line":110,"column":8},"end":{"line":112,"column":9}},"71":{"start":{"line":111,"column":10},"end":{"line":111,"column":65}},"72":{"start":{"line":116,"column":19},"end":{"line":116,"column":65}},"73":{"start":{"line":117,"column":4},"end":{"line":117,"column":39}},"74":{"start":{"line":120,"column":2},"end":{"line":120,"column":18}},"75":{"start":{"line":93,"column":13},"end":{"line":93,"column":38}}},"fnMap":{"0":{"name":"guessLayerType","decl":{"start":{"line":11,"column":16},"end":{"line":11,"column":30}},"loc":{"start":{"line":11,"column":56},"end":{"line":17,"column":1}}},"1":{"name":"getThemeColor","decl":{"start":{"line":20,"column":16},"end":{"line":20,"column":29}},"loc":{"start":{"line":20,"column":104},"end":{"line":25,"column":1}}},"2":{"name":"replaceColorValue","decl":{"start":{"line":28,"column":16},"end":{"line":28,"column":33}},"loc":{"start":{"line":28,"column":68},"end":{"line":51,"column":1}}},"3":{"name":"getLuminance","decl":{"start":{"line":55,"column":16},"end":{"line":55,"column":28}},"loc":{"start":{"line":55,"column":40},"end":{"line":68,"column":1}}},"4":{"name":"(anonymous_4)","decl":{"start":{"line":57,"column":42},"end":{"line":57,"column":43}},"loc":{"start":{"line":57,"column":47},"end":{"line":57,"column":52}}},"5":{"name":"(anonymous_5)","decl":{"start":{"line":62,"column":19},"end":{"line":62,"column":20}},"loc":{"start":{"line":62,"column":35},"end":{"line":62,"column":96}}},"6":{"name":"getBrightestColor","decl":{"start":{"line":71,"column":16},"end":{"line":71,"column":33}},"loc":{"start":{"line":71,"column":56},"end":{"line":84,"column":1}}},"7":{"name":"(anonymous_7)","decl":{"start":{"line":72,"column":73},"end":{"line":72,"column":74}},"loc":{"start":{"line":72,"column":93},"end":{"line":72,"column":96}}},"8":{"name":"getBackgroundColor","decl":{"start":{"line":87,"column":16},"end":{"line":87,"column":34}},"loc":{"start":{"line":87,"column":46},"end":{"line":91,"column":1}}},"9":{"name":"(anonymous_9)","decl":{"start":{"line":93,"column":38},"end":{"line":93,"column":43}},"loc":{"start":{"line":93,"column":106},"end":{"line":121,"column":1}}},"10":{"name":"(anonymous_10)","decl":{"start":{"line":100,"column":40},"end":{"line":100,"column":45}},"loc":{"start":{"line":100,"column":48},"end":{"line":118,"column":3}}},"11":{"name":"(anonymous_11)","decl":{"start":{"line":109,"column":63},"end":{"line":109,"column":66}},"loc":{"start":{"line":109,"column":69},"end":{"line":113,"column":7}}}},"branchMap":{"0":{"loc":{"start":{"line":13,"column":2},"end":{"line":13,"column":70}},"type":"if","locations":[{"start":{"line":13,"column":2},"end":{"line":13,"column":70}}]},"1":{"loc":{"start":{"line":13,"column":6},"end":{"line":13,"column":50}},"type":"binary-expr","locations":[{"start":{"line":13,"column":6},"end":{"line":13,"column":29}},{"start":{"line":13,"column":33},"end":{"line":13,"column":50}}]},"2":{"loc":{"start":{"line":14,"column":2},"end":{"line":14,"column":88}},"type":"if","locations":[{"start":{"line":14,"column":2},"end":{"line":14,"column":88}}]},"3":{"loc":{"start":{"line":14,"column":6},"end":{"line":14,"column":72}},"type":"binary-expr","locations":[{"start":{"line":14,"column":6},"end":{"line":14,"column":25}},{"start":{"line":14,"column":29},"end":{"line":14,"column":51}},{"start":{"line":14,"column":55},"end":{"line":14,"column":72}}]},"4":{"loc":{"start":{"line":15,"column":2},"end":{"line":15,"column":95}},"type":"if","locations":[{"start":{"line":15,"column":2},"end":{"line":15,"column":95}}]},"5":{"loc":{"start":{"line":15,"column":6},"end":{"line":15,"column":73}},"type":"binary-expr","locations":[{"start":{"line":15,"column":6},"end":{"line":15,"column":31}},{"start":{"line":15,"column":35},"end":{"line":15,"column":52}},{"start":{"line":15,"column":56},"end":{"line":15,"column":73}}]},"6":{"loc":{"start":{"line":21,"column":2},"end":{"line":21,"column":48}},"type":"if","locations":[{"start":{"line":21,"column":2},"end":{"line":21,"column":48}}]},"7":{"loc":{"start":{"line":22,"column":2},"end":{"line":22,"column":63}},"type":"if","locations":[{"start":{"line":22,"column":2},"end":{"line":22,"column":63}}]},"8":{"loc":{"start":{"line":22,"column":30},"end":{"line":22,"column":62}},"type":"binary-expr","locations":[{"start":{"line":22,"column":30},"end":{"line":22,"column":45}},{"start":{"line":22,"column":49},"end":{"line":22,"column":62}}]},"9":{"loc":{"start":{"line":23,"column":2},"end":{"line":23,"column":87}},"type":"if","locations":[{"start":{"line":23,"column":2},"end":{"line":23,"column":87}}]},"10":{"loc":{"start":{"line":23,"column":36},"end":{"line":23,"column":86}},"type":"binary-expr","locations":[{"start":{"line":23,"column":36},"end":{"line":23,"column":50}},{"start":{"line":23,"column":54},"end":{"line":23,"column":69}},{"start":{"line":23,"column":73},"end":{"line":23,"column":86}}]},"11":{"loc":{"start":{"line":29,"column":2},"end":{"line":29,"column":41}},"type":"if","locations":[{"start":{"line":29,"column":2},"end":{"line":29,"column":41}}]},"12":{"loc":{"start":{"line":30,"column":2},"end":{"line":49,"column":3}},"type":"if","locations":[{"start":{"line":30,"column":2},"end":{"line":49,"column":3}}]},"13":{"loc":{"start":{"line":33,"column":4},"end":{"line":35,"column":5}},"type":"if","locations":[{"start":{"line":33,"column":4},"end":{"line":35,"column":5}}]},"14":{"loc":{"start":{"line":37,"column":4},"end":{"line":43,"column":5}},"type":"if","locations":[{"start":{"line":37,"column":4},"end":{"line":43,"column":5}}]},"15":{"loc":{"start":{"line":38,"column":6},"end":{"line":40,"column":28}},"type":"binary-expr","locations":[{"start":{"line":38,"column":6},"end":{"line":38,"column":39}},{"start":{"line":39,"column":6},"end":{"line":39,"column":28}},{"start":{"line":40,"column":6},"end":{"line":40,"column":28}}]},"16":{"loc":{"start":{"line":57,"column":2},"end":{"line":57,"column":63}},"type":"if","locations":[{"start":{"line":57,"column":2},"end":{"line":57,"column":63}}]},"17":{"loc":{"start":{"line":62,"column":35},"end":{"line":62,"column":96}},"type":"cond-expr","locations":[{"start":{"line":62,"column":50},"end":{"line":62,"column":59}},{"start":{"line":62,"column":62},"end":{"line":62,"column":96}}]},"18":{"loc":{"start":{"line":73,"column":2},"end":{"line":73,"column":48}},"type":"if","locations":[{"start":{"line":73,"column":2},"end":{"line":73,"column":48}}]},"19":{"loc":{"start":{"line":78,"column":4},"end":{"line":81,"column":5}},"type":"if","locations":[{"start":{"line":78,"column":4},"end":{"line":81,"column":5}}]},"20":{"loc":{"start":{"line":106,"column":4},"end":{"line":114,"column":5}},"type":"if","locations":[{"start":{"line":106,"column":4},"end":{"line":114,"column":5}},{"start":{"line":108,"column":11},"end":{"line":114,"column":5}}]},"21":{"loc":{"start":{"line":110,"column":8},"end":{"line":112,"column":9}},"type":"if","locations":[{"start":{"line":110,"column":8},"end":{"line":112,"column":9}}]},"22":{"loc":{"start":{"line":110,"column":12},"end":{"line":110,"column":45}},"type":"binary-expr","locations":[{"start":{"line":110,"column":12},"end":{"line":110,"column":17}},{"start":{"line":110,"column":21},"end":{"line":110,"column":45}}]},"23":{"loc":{"start":{"line":116,"column":19},"end":{"line":116,"column":65}},"type":"cond-expr","locations":[{"start":{"line":116,"column":48},"end":{"line":116,"column":50}},{"start":{"line":116,"column":53},"end":{"line":116,"column":65}}]}},"s":{"0":5,"1":5,"2":5,"3":5,"4":5,"5":5,"6":5,"7":45,"8":45,"9":8,"10":37,"11":15,"12":22,"13":9,"14":13,"15":43,"16":7,"17":36,"18":14,"19":22,"20":9,"21":13,"22":32,"23":2,"24":30,"25":27,"26":27,"27":3,"28":27,"29":25,"30":5,"31":23,"32":23,"33":1,"34":3,"35":23,"36":23,"37":23,"38":23,"39":69,"40":23,"41":23,"42":23,"43":23,"44":12,"45":36,"46":12,"47":2,"48":10,"49":10,"50":10,"51":15,"52":15,"53":13,"54":13,"55":10,"56":11,"57":11,"58":11,"59":5,"60":6,"61":6,"62":6,"63":6,"64":36,"65":36,"66":36,"67":36,"68":6,"69":30,"70":90,"71":18,"72":36,"73":36,"74":6,"75":5},"f":{"0":45,"1":43,"2":32,"3":23,"4":3,"5":69,"6":12,"7":36,"8":11,"9":6,"10":36,"11":90},"b":{"0":[8],"1":[45,38],"2":[15],"3":[37,24,23],"4":[9],"5":[22,15,14],"6":[7],"7":[14],"8":[14,11],"9":[9],"10":[9,8,6],"11":[2],"12":[27],"13":[3],"14":[25],"15":[27,4,4],"16":[1],"17":[28,41],"18":[2],"19":[13],"20":[6,30],"21":[18],"22":[90,90],"23":[30,6]}}
,"/Users/higuchi/Documents/dev/map-style-studio/src/utils/layerControl.ts": {"path":"/Users/higuchi/Documents/dev/map-style-studio/src/utils/layerControl.ts","statementMap":{"0":{"start":{"line":3,"column":0},"end":{"line":3,"column":16}},"1":{"start":{"line":4,"column":55},"end":{"line":10,"column":4}},"2":{"start":{"line":11,"column":2},"end":{"line":17,"column":5}},"3":{"start":{"line":12,"column":4},"end":{"line":16,"column":5}},"4":{"start":{"line":13,"column":6},"end":{"line":13,"column":37}},"5":{"start":{"line":15,"column":6},"end":{"line":15,"column":31}},"6":{"start":{"line":18,"column":2},"end":{"line":18,"column":16}}},"fnMap":{"0":{"name":"groupLayersByType","decl":{"start":{"line":3,"column":16},"end":{"line":3,"column":33}},"loc":{"start":{"line":3,"column":62},"end":{"line":19,"column":1}}},"1":{"name":"(anonymous_1)","decl":{"start":{"line":11,"column":17},"end":{"line":11,"column":22}},"loc":{"start":{"line":11,"column":25},"end":{"line":17,"column":3}}}},"branchMap":{"0":{"loc":{"start":{"line":12,"column":4},"end":{"line":16,"column":5}},"type":"if","locations":[{"start":{"line":12,"column":4},"end":{"line":16,"column":5}},{"start":{"line":14,"column":11},"end":{"line":16,"column":5}}]}},"s":{"0":1,"1":4,"2":4,"3":10,"4":7,"5":3,"6":4},"f":{"0":4,"1":10},"b":{"0":[7,3]}}
,"/Users/higuchi/Documents/dev/map-style-studio/src/utils/renderColorfulJson.tsx": {"path":"/Users/higuchi/Documents/dev/map-style-studio/src/utils/renderColorfulJson.tsx","statementMap":{"0":{"start":{"line":3,"column":0},"end":{"line":3,"column":16}},"1":{"start":{"line":1,"column":0},"end":{"line":1,"column":39}},"2":{"start":{"line":4,"column":2},"end":{"line":41,"column":13}},"3":{"start":{"line":5,"column":21},"end":{"line":5,"column":82}},"4":{"start":{"line":6,"column":37},"end":{"line":6,"column":39}},"5":{"start":{"line":7,"column":20},"end":{"line":7,"column":21}},"6":{"start":{"line":9,"column":14},"end":{"line":9,"column":15}},"7":{"start":{"line":11,"column":4},"end":{"line":36,"column":5}},"8":{"start":{"line":12,"column":20},"end":{"line":12,"column":28}},"9":{"start":{"line":13,"column":6},"end":{"line":15,"column":7}},"10":{"start":{"line":14,"column":8},"end":{"line":14,"column":55}},"11":{"start":{"line":16,"column":6},"end":{"line":33,"column":8}},"12":{"start":{"line":34,"column":6},"end":{"line":34,"column":48}},"13":{"start":{"line":35,"column":6},"end":{"line":35,"column":12}},"14":{"start":{"line":37,"column":4},"end":{"line":39,"column":5}},"15":{"start":{"line":38,"column":6},"end":{"line":38,"column":40}},"16":{"start":{"line":40,"column":4},"end":{"line":40,"column":17}}},"fnMap":{"0":{"name":"useColorfulJson","decl":{"start":{"line":3,"column":16},"end":{"line":3,"column":31}},"loc":{"start":{"line":3,"column":44},"end":{"line":42,"column":1}}},"1":{"name":"(anonymous_1)","decl":{"start":{"line":4,"column":17},"end":{"line":4,"column":20}},"loc":{"start":{"line":4,"column":22},"end":{"line":41,"column":3}}}},"branchMap":{"0":{"loc":{"start":{"line":13,"column":6},"end":{"line":15,"column":7}},"type":"if","locations":[{"start":{"line":13,"column":6},"end":{"line":15,"column":7}}]},"1":{"loc":{"start":{"line":37,"column":4},"end":{"line":39,"column":5}},"type":"if","locations":[{"start":{"line":37,"column":4},"end":{"line":39,"column":5}}]}},"s":{"0":1,"1":1,"2":7,"3":7,"4":7,"5":7,"6":7,"7":7,"8":5,"9":5,"10":5,"11":5,"12":5,"13":5,"14":7,"15":6,"16":7},"f":{"0":7,"1":7},"b":{"0":[5],"1":[6]}}
,"/Users/higuchi/Documents/dev/map-style-studio/src/utils/searchHelpers.ts": {"path":"/Users/higuchi/Documents/dev/map-style-studio/src/utils/searchHelpers.ts","statementMap":{"0":{"start":{"line":4,"column":0},"end":{"line":4,"column":16}},"1":{"start":{"line":2,"column":0},"end":{"line":2,"column":128}},"2":{"start":{"line":5,"column":24},"end":{"line":5,"column":44}},"3":{"start":{"line":7,"column":4},"end":{"line":7,"column":66}},"4":{"start":{"line":7,"column":54},"end":{"line":7,"column":66}},"5":{"start":{"line":9,"column":21},"end":{"line":9,"column":81}},"6":{"start":{"line":10,"column":22},"end":{"line":10,"column":105}},"7":{"start":{"line":11,"column":22},"end":{"line":11,"column":84}},"8":{"start":{"line":14,"column":25},"end":{"line":14,"column":77}},"9":{"start":{"line":16,"column":4},"end":{"line":18,"column":5}},"10":{"start":{"line":17,"column":8},"end":{"line":17,"column":61}},"11":{"start":{"line":17,"column":41},"end":{"line":17,"column":59}},"12":{"start":{"line":19,"column":4},"end":{"line":21,"column":5}},"13":{"start":{"line":20,"column":8},"end":{"line":20,"column":59}},"14":{"start":{"line":20,"column":41},"end":{"line":20,"column":57}},"15":{"start":{"line":22,"column":4},"end":{"line":24,"column":5}},"16":{"start":{"line":23,"column":8},"end":{"line":23,"column":62}},"17":{"start":{"line":23,"column":41},"end":{"line":23,"column":60}},"18":{"start":{"line":25,"column":4},"end":{"line":27,"column":5}},"19":{"start":{"line":26,"column":8},"end":{"line":26,"column":60}},"20":{"start":{"line":26,"column":41},"end":{"line":26,"column":58}},"21":{"start":{"line":28,"column":4},"end":{"line":30,"column":5}},"22":{"start":{"line":29,"column":8},"end":{"line":29,"column":61}},"23":{"start":{"line":29,"column":41},"end":{"line":29,"column":59}},"24":{"start":{"line":31,"column":4},"end":{"line":33,"column":5}},"25":{"start":{"line":32,"column":8},"end":{"line":32,"column":61}},"26":{"start":{"line":32,"column":41},"end":{"line":32,"column":59}},"27":{"start":{"line":34,"column":4},"end":{"line":36,"column":5}},"28":{"start":{"line":35,"column":8},"end":{"line":35,"column":61}},"29":{"start":{"line":35,"column":41},"end":{"line":35,"column":59}},"30":{"start":{"line":38,"column":4},"end":{"line":42,"column":6}}},"fnMap":{"0":{"name":"isLayerMatched","decl":{"start":{"line":4,"column":16},"end":{"line":4,"column":30}},"loc":{"start":{"line":4,"column":72},"end":{"line":43,"column":1}}},"1":{"name":"(anonymous_1)","decl":{"start":{"line":17,"column":33},"end":{"line":17,"column":37}},"loc":{"start":{"line":17,"column":41},"end":{"line":17,"column":59}}},"2":{"name":"(anonymous_2)","decl":{"start":{"line":20,"column":33},"end":{"line":20,"column":37}},"loc":{"start":{"line":20,"column":41},"end":{"line":20,"column":57}}},"3":{"name":"(anonymous_3)","decl":{"start":{"line":23,"column":33},"end":{"line":23,"column":37}},"loc":{"start":{"line":23,"column":41},"end":{"line":23,"column":60}}},"4":{"name":"(anonymous_4)","decl":{"start":{"line":26,"column":33},"end":{"line":26,"column":37}},"loc":{"start":{"line":26,"column":41},"end":{"line":26,"column":58}}},"5":{"name":"(anonymous_5)","decl":{"start":{"line":29,"column":33},"end":{"line":29,"column":37}},"loc":{"start":{"line":29,"column":41},"end":{"line":29,"column":59}}},"6":{"name":"(anonymous_6)","decl":{"start":{"line":32,"column":33},"end":{"line":32,"column":37}},"loc":{"start":{"line":32,"column":41},"end":{"line":32,"column":59}}},"7":{"name":"(anonymous_7)","decl":{"start":{"line":35,"column":33},"end":{"line":35,"column":37}},"loc":{"start":{"line":35,"column":41},"end":{"line":35,"column":59}}}},"branchMap":{"0":{"loc":{"start":{"line":7,"column":4},"end":{"line":7,"column":66}},"type":"if","locations":[{"start":{"line":7,"column":4},"end":{"line":7,"column":66}}]},"1":{"loc":{"start":{"line":9,"column":21},"end":{"line":9,"column":81}},"type":"cond-expr","locations":[{"start":{"line":9,"column":35},"end":{"line":9,"column":76}},{"start":{"line":9,"column":79},"end":{"line":9,"column":81}}]},"2":{"loc":{"start":{"line":10,"column":22},"end":{"line":10,"column":105}},"type":"cond-expr","locations":[{"start":{"line":10,"column":58},"end":{"line":10,"column":100}},{"start":{"line":10,"column":103},"end":{"line":10,"column":105}}]},"3":{"loc":{"start":{"line":10,"column":22},"end":{"line":10,"column":55}},"type":"binary-expr","locations":[{"start":{"line":10,"column":22},"end":{"line":10,"column":39}},{"start":{"line":10,"column":43},"end":{"line":10,"column":55}}]},"4":{"loc":{"start":{"line":11,"column":22},"end":{"line":11,"column":84}},"type":"cond-expr","locations":[{"start":{"line":11,"column":37},"end":{"line":11,"column":79}},{"start":{"line":11,"column":82},"end":{"line":11,"column":84}}]},"5":{"loc":{"start":{"line":14,"column":25},"end":{"line":14,"column":77}},"type":"binary-expr","locations":[{"start":{"line":14,"column":25},"end":{"line":14,"column":71}},{"start":{"line":14,"column":75},"end":{"line":14,"column":77}}]},"6":{"loc":{"start":{"line":16,"column":4},"end":{"line":18,"column":5}},"type":"if","locations":[{"start":{"line":16,"column":4},"end":{"line":18,"column":5}}]},"7":{"loc":{"start":{"line":19,"column":4},"end":{"line":21,"column":5}},"type":"if","locations":[{"start":{"line":19,"column":4},"end":{"line":21,"column":5}}]},"8":{"loc":{"start":{"line":22,"column":4},"end":{"line":24,"column":5}},"type":"if","locations":[{"start":{"line":22,"column":4},"end":{"line":24,"column":5}}]},"9":{"loc":{"start":{"line":25,"column":4},"end":{"line":27,"column":5}},"type":"if","locations":[{"start":{"line":25,"column":4},"end":{"line":27,"column":5}}]},"10":{"loc":{"start":{"line":28,"column":4},"end":{"line":30,"column":5}},"type":"if","locations":[{"start":{"line":28,"column":4},"end":{"line":30,"column":5}}]},"11":{"loc":{"start":{"line":31,"column":4},"end":{"line":33,"column":5}},"type":"if","locations":[{"start":{"line":31,"column":4},"end":{"line":33,"column":5}}]},"12":{"loc":{"start":{"line":34,"column":4},"end":{"line":36,"column":5}},"type":"if","locations":[{"start":{"line":34,"column":4},"end":{"line":36,"column":5}}]},"13":{"loc":{"start":{"line":39,"column":8},"end":{"line":41,"column":39}},"type":"binary-expr","locations":[{"start":{"line":39,"column":8},"end":{"line":39,"column":38}},{"start":{"line":40,"column":8},"end":{"line":40,"column":39}},{"start":{"line":41,"column":8},"end":{"line":41,"column":39}}]}},"s":{"0":1,"1":1,"2":41,"3":41,"4":3,"5":38,"6":38,"7":38,"8":38,"9":38,"10":5,"11":4,"12":33,"13":4,"14":4,"15":29,"16":5,"17":5,"18":24,"19":4,"20":4,"21":20,"22":5,"23":5,"24":15,"25":4,"26":4,"27":11,"28":4,"29":4,"30":7},"f":{"0":41,"1":4,"2":4,"3":5,"4":4,"5":5,"6":4,"7":4},"b":{"0":[3],"1":[34,4],"2":[3,35],"3":[38,3],"4":[3,35],"5":[38,4],"6":[5],"7":[4],"8":[5],"9":[4],"10":[5],"11":[4],"12":[4],"13":[7,5,4]}}
}
