TN:
SF:src/hooks/useLayerVisibility.ts
FN:8,useLayerVisibility
FN:12,(anonymous_1)
FNF:2
FNH:2
FNDA:6,useLayerVisibility
FNDA:4,(anonymous_1)
DA:1,1
DA:8,1
DA:9,6
DA:12,6
DA:13,4
DA:14,3
DA:16,2
DA:17,2
DA:18,2
DA:19,2
DA:22,6
LF:11
LH:11
BRDA:13,0,0,1
BRDA:13,1,0,4
BRDA:13,1,1,3
BRDA:14,2,0,1
BRDA:17,3,0,1
BRDA:17,3,1,1
BRF:6
BRH:6
end_of_record
TN:
SF:src/hooks/useMapInstance.ts
FN:6,useMapInstance
FN:14,(anonymous_2)
FN:29,(anonymous_3)
FN:40,(anonymous_4)
FNF:4
FNH:4
FNDA:10,useMapInstance
FNDA:5,(anonymous_2)
FNDA:3,(anonymous_3)
FNDA:3,(anonymous_4)
DA:1,1
DA:2,1
DA:3,1
DA:4,1
DA:6,1
DA:10,10
DA:11,10
DA:12,10
DA:14,10
DA:15,5
DA:17,3
DA:18,3
DA:19,3
DA:21,3
DA:29,3
DA:30,3
DA:31,3
DA:34,3
DA:35,1
DA:36,1
DA:40,3
DA:41,3
DA:47,10
DA:50,1
LF:24
LH:24
BRDA:15,0,0,2
BRDA:15,1,0,5
BRDA:15,1,1,4
BRDA:17,2,0,3
BRDA:17,2,1,1
BRDA:18,3,0,3
BRDA:18,3,1,1
BRDA:34,4,0,1
BRF:8
BRH:8
end_of_record
TN:
SF:src/hooks/useMapPopup.ts
FN:11,useMapPopup
FN:14,(anonymous_1)
FN:22,(anonymous_2)
FN:32,(anonymous_3)
FN:37,(anonymous_4)
FNF:5
FNH:5
FNDA:12,useMapPopup
FNDA:4,(anonymous_1)
FNDA:3,(anonymous_2)
FNDA:7,(anonymous_3)
FNDA:6,(anonymous_4)
DA:1,1
DA:11,1
DA:12,12
DA:14,12
DA:15,4
DA:16,4
DA:18,4
DA:19,3
DA:22,3
DA:28,1
DA:32,12
DA:33,7
DA:35,6
DA:37,6
DA:38,6
DA:43,12
LF:16
LH:16
BRDA:18,0,0,3
BRDA:18,0,1,1
BRDA:18,1,0,4
BRDA:18,1,1,4
BRDA:24,2,0,3
BRDA:24,2,1,1
BRDA:33,3,0,1
BRF:7
BRH:7
end_of_record
TN:
SF:src/hooks/useSourceLayers.ts
FN:3,useSourceLayers
FN:8,(anonymous_1)
FN:16,(anonymous_2)
FNF:3
FNH:3
FNDA:10,useSourceLayers
FNDA:4,(anonymous_1)
FNDA:3,(anonymous_2)
DA:1,1
DA:3,1
DA:4,10
DA:5,10
DA:6,10
DA:8,10
DA:9,4
DA:10,4
DA:11,4
DA:12,4
DA:13,3
DA:14,3
DA:16,3
DA:18,1
DA:21,1
DA:23,4
DA:26,10
LF:17
LH:17
BRDA:14,0,0,2
BRDA:14,0,1,1
BRF:2
BRH:2
end_of_record
TN:
SF:src/utils/colorHelpers.ts
FN:7,hexToRgb
FN:18,rgbToHsv
FN:39,rgbaToHex
FN:49,(anonymous_3)
FN:56,hexToHsl
FN:62,(anonymous_5)
FN:82,hslToHex
FN:88,(anonymous_7)
FN:105,(anonymous_8)
FN:116,isGreenColor
FN:124,isRedColor
FN:132,isYellowColor
FN:140,isBlueColor
FN:148,isBrownColor
FN:157,isBlackColor
FN:165,isWhiteColor
FNF:16
FNH:16
FNDA:91,hexToRgb
FNDA:83,rgbToHsv
FNDA:29,rgbaToHex
FNDA:24,(anonymous_3)
FNDA:17,hexToHsl
FNDA:3,(anonymous_5)
FNDA:17,hslToHex
FNDA:42,(anonymous_7)
FNDA:51,(anonymous_8)
FNDA:12,isGreenColor
FNDA:12,isRedColor
FNDA:12,isYellowColor
FNDA:11,isBlueColor
FNDA:12,isBrownColor
FNDA:11,isBlackColor
FNDA:11,isWhiteColor
DA:7,10
DA:8,91
DA:9,91
DA:10,81
DA:18,10
DA:19,83
DA:20,83
DA:21,83
DA:22,83
DA:23,83
DA:24,83
DA:25,83
DA:26,27
DA:28,56
DA:29,31
DA:30,15
DA:31,10
DA:33,56
DA:35,83
DA:39,10
DA:40,29
DA:41,29
DA:42,6
DA:43,6
DA:44,6
DA:45,6
DA:46,6
DA:49,24
DA:56,10
DA:57,17
DA:59,2
DA:61,15
DA:62,15
DA:63,15
DA:64,15
DA:65,15
DA:66,15
DA:67,15
DA:68,15
DA:69,15
DA:70,14
DA:71,14
DA:72,14
DA:73,10
DA:74,2
DA:75,2
DA:77,14
DA:79,15
DA:82,10
DA:83,17
DA:85,17
DA:86,3
DA:88,14
DA:89,42
DA:90,42
DA:91,42
DA:92,32
DA:93,18
DA:94,16
DA:96,14
DA:97,14
DA:98,14
DA:99,14
DA:100,14
DA:102,17
DA:105,51
DA:116,10
DA:117,12
DA:118,12
DA:119,11
DA:120,11
DA:124,10
DA:125,12
DA:126,12
DA:127,11
DA:128,11
DA:132,10
DA:133,12
DA:134,12
DA:135,11
DA:136,11
DA:140,10
DA:141,11
DA:142,11
DA:143,10
DA:144,10
DA:148,10
DA:149,12
DA:150,12
DA:151,11
DA:153,11
DA:157,10
DA:158,11
DA:159,11
DA:160,10
DA:161,10
DA:165,10
DA:166,11
DA:167,11
DA:168,10
DA:169,10
LF:101
LH:101
BRDA:9,0,0,10
BRDA:24,1,0,8
BRDA:24,1,1,75
BRDA:25,2,0,27
BRDA:25,2,1,56
BRDA:28,3,0,31
BRDA:28,3,1,15
BRDA:28,3,2,10
BRDA:29,4,0,2
BRDA:29,4,1,29
BRDA:41,5,0,23
BRDA:45,6,0,4
BRDA:45,6,1,2
BRDA:57,7,0,2
BRDA:57,8,0,17
BRDA:57,8,1,15
BRDA:57,8,2,15
BRDA:62,9,0,1
BRDA:69,10,0,14
BRDA:71,11,0,1
BRDA:71,11,1,13
BRDA:72,12,0,10
BRDA:72,12,1,2
BRDA:72,12,2,2
BRDA:73,13,0,1
BRDA:73,13,1,9
BRDA:85,14,0,3
BRDA:85,14,1,14
BRDA:89,15,0,8
BRDA:90,16,0,1
BRDA:91,17,0,10
BRDA:92,18,0,14
BRDA:93,19,0,2
BRDA:96,20,0,1
BRDA:96,20,1,13
BRDA:118,21,0,1
BRDA:120,22,0,11
BRDA:120,22,1,7
BRDA:120,22,2,6
BRDA:120,22,3,6
BRDA:126,23,0,1
BRDA:128,24,0,11
BRDA:128,24,1,11
BRDA:128,24,2,4
BRDA:128,24,3,1
BRDA:128,24,4,8
BRDA:128,24,5,7
BRDA:134,25,0,1
BRDA:136,26,0,11
BRDA:136,26,1,8
BRDA:136,26,2,7
BRDA:136,26,3,7
BRDA:142,27,0,1
BRDA:144,28,0,10
BRDA:144,28,1,6
BRDA:144,28,2,6
BRDA:144,28,3,6
BRDA:150,29,0,1
BRDA:153,30,0,11
BRDA:153,30,1,9
BRDA:153,30,2,6
BRDA:153,30,3,6
BRDA:159,31,0,1
BRDA:167,32,0,1
BRDA:169,33,0,10
BRDA:169,33,1,9
BRF:66
BRH:66
end_of_record
TN:
SF:src/utils/generateCategoryColorStyle.ts
FN:14,generateCategoryColorStyle
FN:19,(anonymous_1)
FN:24,(anonymous_2)
FNF:3
FNH:3
FNDA:4,generateCategoryColorStyle
FNDA:65,(anonymous_1)
FNDA:13,(anonymous_2)
DA:14,1
DA:19,4
DA:20,65
DA:21,65
DA:24,4
DA:25,13
DA:28,13
DA:34,3
DA:38,3
DA:42,13
DA:48,2
DA:52,2
DA:56,13
DA:62,2
DA:66,2
DA:70,13
DA:76,3
DA:80,3
DA:84,13
DA:90,2
DA:94,2
DA:97,13
DA:100,4
LF:23
LH:23
BRDA:20,0,0,10
BRDA:20,0,1,55
BRDA:21,1,0,65
BRDA:21,1,1,54
BRDA:28,2,0,3
BRDA:29,3,0,13
BRDA:29,3,1,3
BRDA:29,3,2,3
BRDA:29,3,3,3
BRDA:42,4,0,2
BRDA:43,5,0,13
BRDA:43,5,1,2
BRDA:43,5,2,2
BRDA:43,5,3,2
BRDA:56,6,0,2
BRDA:57,7,0,13
BRDA:57,7,1,2
BRDA:57,7,2,2
BRDA:57,7,3,2
BRDA:70,8,0,3
BRDA:71,9,0,13
BRDA:71,9,1,3
BRDA:71,9,2,3
BRDA:71,9,3,3
BRDA:84,10,0,2
BRDA:85,11,0,13
BRDA:85,11,1,2
BRDA:85,11,2,2
BRDA:85,11,3,2
BRDA:102,12,0,4
BRDA:102,12,1,1
BRF:31
BRH:31
end_of_record
TN:
SF:src/utils/generateStyleFromTheme.ts
FN:11,guessLayerType
FN:20,getThemeColor
FN:28,replaceColorValue
FN:55,getLuminance
FN:57,(anonymous_4)
FN:62,(anonymous_5)
FN:71,getBrightestColor
FN:72,(anonymous_7)
FN:87,getBackgroundColor
FN:93,(anonymous_9)
FN:100,(anonymous_10)
FN:109,(anonymous_11)
FNF:12
FNH:12
FNDA:45,guessLayerType
FNDA:43,getThemeColor
FNDA:32,replaceColorValue
FNDA:23,getLuminance
FNDA:3,(anonymous_4)
FNDA:69,(anonymous_5)
FNDA:12,getBrightestColor
FNDA:36,(anonymous_7)
FNDA:11,getBackgroundColor
FNDA:6,(anonymous_9)
FNDA:36,(anonymous_10)
FNDA:90,(anonymous_11)
DA:2,5
DA:11,5
DA:12,45
DA:13,45
DA:14,37
DA:15,22
DA:16,13
DA:20,5
DA:21,43
DA:22,36
DA:23,22
DA:24,13
DA:28,5
DA:29,32
DA:30,30
DA:31,27
DA:33,27
DA:34,3
DA:37,27
DA:42,25
DA:50,5
DA:55,5
DA:56,23
DA:57,23
DA:58,23
DA:59,23
DA:60,23
DA:62,69
DA:63,23
DA:64,23
DA:65,23
DA:67,23
DA:71,5
DA:72,36
DA:73,12
DA:74,10
DA:75,10
DA:76,10
DA:77,15
DA:78,15
DA:79,13
DA:80,13
DA:83,10
DA:87,5
DA:88,11
DA:89,11
DA:90,11
DA:93,5
DA:94,6
DA:97,6
DA:98,6
DA:100,6
DA:101,36
DA:102,36
DA:104,36
DA:106,36
DA:107,6
DA:109,30
DA:110,90
DA:111,18
DA:116,36
DA:117,36
DA:120,6
LF:63
LH:63
BRDA:13,0,0,8
BRDA:13,1,0,45
BRDA:13,1,1,38
BRDA:14,2,0,15
BRDA:14,3,0,37
BRDA:14,3,1,24
BRDA:14,3,2,23
BRDA:15,4,0,9
BRDA:15,5,0,22
BRDA:15,5,1,15
BRDA:15,5,2,14
BRDA:21,6,0,7
BRDA:22,7,0,14
BRDA:22,8,0,14
BRDA:22,8,1,11
BRDA:23,9,0,9
BRDA:23,10,0,9
BRDA:23,10,1,8
BRDA:23,10,2,6
BRDA:29,11,0,2
BRDA:30,12,0,27
BRDA:33,13,0,3
BRDA:37,14,0,25
BRDA:38,15,0,27
BRDA:38,15,1,4
BRDA:38,15,2,4
BRDA:57,16,0,1
BRDA:62,17,0,28
BRDA:62,17,1,41
BRDA:73,18,0,2
BRDA:78,19,0,13
BRDA:106,20,0,6
BRDA:106,20,1,30
BRDA:110,21,0,18
BRDA:110,22,0,90
BRDA:110,22,1,90
BRDA:116,23,0,30
BRDA:116,23,1,6
BRF:38
BRH:38
end_of_record
TN:
SF:src/utils/layerControl.ts
FN:3,groupLayersByType
FN:11,(anonymous_1)
FNF:2
FNH:2
FNDA:4,groupLayersByType
FNDA:10,(anonymous_1)
DA:3,1
DA:4,4
DA:11,4
DA:12,10
DA:13,7
DA:15,3
DA:18,4
LF:7
LH:7
BRDA:12,0,0,7
BRDA:12,0,1,3
BRF:2
BRH:2
end_of_record
TN:
SF:src/utils/renderColorfulJson.tsx
FN:3,useColorfulJson
FN:4,(anonymous_1)
FNF:2
FNH:2
FNDA:7,useColorfulJson
FNDA:7,(anonymous_1)
DA:1,1
DA:3,1
DA:4,7
DA:5,7
DA:6,7
DA:7,7
DA:9,7
DA:11,7
DA:12,5
DA:13,5
DA:14,5
DA:16,5
DA:34,5
DA:35,5
DA:37,7
DA:38,6
DA:40,7
LF:17
LH:17
BRDA:13,0,0,5
BRDA:37,1,0,6
BRF:2
BRH:2
end_of_record
TN:
SF:src/utils/searchHelpers.ts
FN:4,isLayerMatched
FN:17,(anonymous_1)
FN:20,(anonymous_2)
FN:23,(anonymous_3)
FN:26,(anonymous_4)
FN:29,(anonymous_5)
FN:32,(anonymous_6)
FN:35,(anonymous_7)
FNF:8
FNH:8
FNDA:41,isLayerMatched
FNDA:4,(anonymous_1)
FNDA:4,(anonymous_2)
FNDA:5,(anonymous_3)
FNDA:4,(anonymous_4)
FNDA:5,(anonymous_5)
FNDA:4,(anonymous_6)
FNDA:4,(anonymous_7)
DA:2,1
DA:4,1
DA:5,41
DA:7,41
DA:9,38
DA:10,38
DA:11,38
DA:14,38
DA:16,38
DA:17,5
DA:19,33
DA:20,4
DA:22,29
DA:23,5
DA:25,24
DA:26,4
DA:28,20
DA:29,5
DA:31,15
DA:32,4
DA:34,11
DA:35,4
DA:38,7
LF:23
LH:23
BRDA:7,0,0,3
BRDA:9,1,0,34
BRDA:9,1,1,4
BRDA:10,2,0,3
BRDA:10,2,1,35
BRDA:10,3,0,38
BRDA:10,3,1,3
BRDA:11,4,0,3
BRDA:11,4,1,35
BRDA:14,5,0,38
BRDA:14,5,1,4
BRDA:16,6,0,5
BRDA:19,7,0,4
BRDA:22,8,0,5
BRDA:25,9,0,4
BRDA:28,10,0,5
BRDA:31,11,0,4
BRDA:34,12,0,4
BRDA:39,13,0,7
BRDA:39,13,1,5
BRDA:39,13,2,4
BRF:21
BRH:21
end_of_record
